2019-07-31 12:19:43,241 INFO com.dal.mycareer.controller.RequestController [http-nio-8090-exec-1] Routed to Homepage
2019-07-31 12:19:43,245 INFO com.dal.mycareer.model.RoleModel [http-nio-8090-exec-1] Get base page : START
2019-07-31 12:19:43,568 INFO com.dal.mycareer.model.RoleModel [http-nio-8090-exec-1] Get base page : END
2019-07-31 12:20:32,151 INFO com.dal.mycareer.controller.EmployerSignUpConteroller [http-nio-8090-exec-5] Submit employer's request -- Started
2019-07-31 12:20:32,156 INFO com.dal.mycareer.model.EmployerSignupModel [http-nio-8090-exec-5] Submit employer's request MODEL -- Started
2019-07-31 12:20:32,779 INFO com.dal.mycareer.model.EmployerSignupModel [http-nio-8090-exec-5] Submit employer's request MODEL -- Ended
2019-07-31 12:20:32,781 INFO com.dal.mycareer.controller.EmployerSignUpConteroller [http-nio-8090-exec-5] Submit employer's request -- End
2019-07-31 12:21:21,322 INFO com.dal.mycareer.controller.RequestController [http-nio-8090-exec-8] Routed to Homepage
2019-07-31 12:21:21,323 INFO com.dal.mycareer.model.RoleModel [http-nio-8090-exec-8] Get base page : START
2019-07-31 12:21:21,323 INFO com.dal.mycareer.model.RoleModel [http-nio-8090-exec-8] Get base page : END
2019-07-31 12:21:28,413 INFO com.dal.mycareer.controller.LoginController [http-nio-8090-exec-1] Login request : Start
2019-07-31 12:21:28,417 INFO com.dal.mycareer.model.LoginModel [http-nio-8090-exec-1] Verify Login : START
2019-07-31 12:21:28,706 DEBUG com.dal.mycareer.model.LoginModel [http-nio-8090-exec-1] Invalid login for : coop@dal.ca
2019-07-31 12:21:28,706 INFO com.dal.mycareer.model.LoginModel [http-nio-8090-exec-1] Verify Login : END
2019-07-31 12:21:28,707 ERROR com.dal.mycareer.controller.LoginController [http-nio-8090-exec-1] Incorrect URL entered by user
2019-07-31 12:21:28,707 INFO com.dal.mycareer.controller.LoginController [http-nio-8090-exec-1] Login request : END
2019-07-31 12:22:32,674 INFO com.dal.mycareer.controller.LoginController [http-nio-8090-exec-3] Login request : Start
2019-07-31 12:22:32,675 INFO com.dal.mycareer.model.LoginModel [http-nio-8090-exec-3] Verify Login : START
2019-07-31 12:22:33,016 DEBUG com.dal.mycareer.model.LoginModel [http-nio-8090-exec-3] Invalid login for : abc@ibm.com
2019-07-31 12:22:33,016 INFO com.dal.mycareer.model.LoginModel [http-nio-8090-exec-3] Verify Login : END
2019-07-31 12:22:33,016 ERROR com.dal.mycareer.controller.LoginController [http-nio-8090-exec-3] Incorrect URL entered by user
2019-07-31 12:22:33,017 INFO com.dal.mycareer.controller.LoginController [http-nio-8090-exec-3] Login request : END
2019-07-31 12:22:43,012 INFO com.dal.mycareer.controller.LoginController [http-nio-8090-exec-6] Login request : Start
2019-07-31 12:22:43,013 INFO com.dal.mycareer.model.LoginModel [http-nio-8090-exec-6] Verify Login : START
2019-07-31 12:22:43,347 DEBUG com.dal.mycareer.model.LoginModel [http-nio-8090-exec-6] coop@dal.ca is loggedIn as Co-op Admin
2019-07-31 12:22:43,347 INFO com.dal.mycareer.model.LoginModel [http-nio-8090-exec-6] Verify Login : END
2019-07-31 12:22:43,348 INFO com.dal.mycareer.controller.LoginController [http-nio-8090-exec-6] Login request : END
2019-07-31 12:22:43,356 DEBUG com.dal.mycareer.controller.CoopCoordinatorController [http-nio-8090-exec-8] CoopCoordinatorController: loadAdminHome method: Entered
2019-07-31 12:22:43,356 INFO com.dal.mycareer.model.RoleModel [http-nio-8090-exec-8] Get base page : START
2019-07-31 12:22:43,357 INFO com.dal.mycareer.model.RoleModel [http-nio-8090-exec-8] Get base page : END
2019-07-31 12:22:43,357 DEBUG com.dal.mycareer.model.RecruiterRegistrationRequestModel [http-nio-8090-exec-8] CoopCoordinatorModel: fetchRecruiterRequests method: Entered
2019-07-31 12:22:43,357 DEBUG com.dal.mycareer.DAO.Impl.RecruiterRegistrationRequestDAO [http-nio-8090-exec-8] CoopCoordinatorDAO: fetchRecruiterRequests method: Entered
2019-07-31 12:22:43,643 DEBUG com.dal.mycareer.DAO.Impl.RecruiterRegistrationRequestDAO [http-nio-8090-exec-8] Recruiter Requests fetched:
2019-07-31 12:22:43,646 DEBUG com.dal.mycareer.DAO.Impl.RecruiterRegistrationRequestDAO [http-nio-8090-exec-8] ID: 125
2019-07-31 12:22:43,648 DEBUG com.dal.mycareer.DAO.Impl.RecruiterRegistrationRequestDAO [http-nio-8090-exec-8] CoopCoordinatorDAO: fetchRecruiterRequests method: Exit
2019-07-31 12:22:43,648 DEBUG com.dal.mycareer.model.RecruiterRegistrationRequestModel [http-nio-8090-exec-8] CoopCoordinatorModel: fetchRecruiterRequests method: Exit
2019-07-31 12:22:43,649 DEBUG com.dal.mycareer.controller.CoopCoordinatorController [http-nio-8090-exec-8] CoopCoordinatorController: loadAdminHome method: Exit
2019-07-31 12:22:49,551 DEBUG com.dal.mycareer.controller.CoopCoordinatorController [http-nio-8090-exec-10] CoopCoordinatorController: approveRequest method: Entered
2019-07-31 12:22:49,551 INFO com.dal.mycareer.model.RoleModel [http-nio-8090-exec-10] Get base page : START
2019-07-31 12:22:49,553 INFO com.dal.mycareer.model.RoleModel [http-nio-8090-exec-10] Get base page : END
2019-07-31 12:22:49,553 DEBUG com.dal.mycareer.model.RecruiterRegistrationRequestModel [http-nio-8090-exec-10] CoopCoordinatorModel: approveRecruiterRequest method: Entered
2019-07-31 12:22:49,554 DEBUG com.dal.mycareer.DAO.Impl.RecruiterRegistrationRequestDAO [http-nio-8090-exec-10] CoopCoordinatorDAO: fetchRecruiter method: Entered
2019-07-31 12:22:49,872 DEBUG com.dal.mycareer.DAO.Impl.RecruiterRegistrationRequestDAO [http-nio-8090-exec-10] Recruiter details for ID: 125 is fetched
2019-07-31 12:22:49,873 DEBUG com.dal.mycareer.DAO.Impl.RecruiterRegistrationRequestDAO [http-nio-8090-exec-10] CoopCoordinatorDAO: fetchRecruiter method: Exit
2019-07-31 12:22:49,873 DEBUG com.dal.mycareer.DAO.Impl.RecruiterRegistrationRequestDAO [http-nio-8090-exec-10] CoopCoordinatorDAO: approveRequest method: Entered
2019-07-31 12:22:50,255 DEBUG com.dal.mycareer.DAO.Impl.RecruiterRegistrationRequestDAO [http-nio-8090-exec-10] Recruiter Requests with ID: 125 has been approved
2019-07-31 12:22:50,255 DEBUG com.dal.mycareer.DAO.Impl.RecruiterRegistrationRequestDAO [http-nio-8090-exec-10] CoopCoordinatorDAO: approveRequest method: Exit
2019-07-31 12:22:51,946 DEBUG com.dal.mycareer.DAO.Impl.RecruiterRegistrationRequestDAO [http-nio-8090-exec-10] CoopCoordinatorDAO: fetchRecruiterRequests method: Entered
2019-07-31 12:22:52,248 DEBUG com.dal.mycareer.DAO.Impl.RecruiterRegistrationRequestDAO [http-nio-8090-exec-10] Recruiter Requests fetched:
2019-07-31 12:22:52,249 DEBUG com.dal.mycareer.DAO.Impl.RecruiterRegistrationRequestDAO [http-nio-8090-exec-10] CoopCoordinatorDAO: fetchRecruiterRequests method: Exit
2019-07-31 12:22:52,250 DEBUG com.dal.mycareer.model.RecruiterRegistrationRequestModel [http-nio-8090-exec-10] CoopCoordinatorModel: approveRecruiterRequest method: Exit
2019-07-31 12:22:52,250 DEBUG com.dal.mycareer.controller.CoopCoordinatorController [http-nio-8090-exec-10] CoopCoordinatorController: approveRequest method: Exit
2019-07-31 12:23:00,878 DEBUG com.dal.mycareer.controller.CoopCoordinatorController [http-nio-8090-exec-2] Controller: Inside showActiveRecruiter method
2019-07-31 12:23:00,878 INFO com.dal.mycareer.model.CoopCoordinatorModel [http-nio-8090-exec-2] BL: CoopCoordinatorModel- fetchActiveRecruiters method started
2019-07-31 12:23:01,095 DEBUG com.dal.mycareer.DAO.Impl.CoopCordinatorDAO [http-nio-8090-exec-2] DL: fetchActiveRecruiters method started
2019-07-31 12:23:06,085 INFO com.dal.mycareer.controller.RequestController [http-nio-8090-exec-5] Routed to Logout
2019-07-31 12:23:06,086 INFO com.dal.mycareer.model.RoleModel [http-nio-8090-exec-5] Get base page : START
2019-07-31 12:23:06,087 INFO com.dal.mycareer.model.RoleModel [http-nio-8090-exec-5] Get base page : END
2019-07-31 12:23:06,089 INFO com.dal.mycareer.controller.RequestController [http-nio-8090-exec-5] Session Invalidated and Logged out
2019-07-31 12:23:07,932 INFO com.dal.mycareer.controller.RequestController [http-nio-8090-exec-7] Routed to Homepage
2019-07-31 12:23:07,933 INFO com.dal.mycareer.model.RoleModel [http-nio-8090-exec-7] Get base page : START
2019-07-31 12:23:07,933 INFO com.dal.mycareer.model.RoleModel [http-nio-8090-exec-7] Get base page : END
