2019-08-01 19:55:51,952 DEBUG com.dal.mycareer.controller.StudentController [http-nio-8090-exec-9] StudentController: viewJob method: Entered
2019-08-01 19:55:52,067 INFO com.dal.mycareer.model.RoleModel [http-nio-8090-exec-9] Get base page : START
2019-08-01 19:55:52,086 INFO com.dal.mycareer.model.RoleModel [http-nio-8090-exec-9] Get base page : END
2019-08-01 19:55:52,092 DEBUG com.dal.mycareer.model.JobsModel [http-nio-8090-exec-9] JobsModel: fetchJob method: Entered
2019-08-01 19:55:52,095 DEBUG com.dal.mycareer.model.JobsModel [http-nio-8090-exec-9] JobsModel: fetchJob method: Exit
2019-08-01 19:55:52,096 DEBUG com.dal.mycareer.controller.StudentController [http-nio-8090-exec-9] StudentController: viewJob method: Exit
2019-08-01 19:55:54,263 INFO com.dal.mycareer.controller.RequestController [http-nio-8090-exec-10] Routed to Homepage
2019-08-01 19:55:54,266 INFO com.dal.mycareer.model.RoleModel [http-nio-8090-exec-10] Get base page : START
2019-08-01 19:55:54,267 INFO com.dal.mycareer.model.RoleModel [http-nio-8090-exec-10] Get base page : END
2019-08-01 19:55:57,365 INFO com.dal.mycareer.controller.LoginController [http-nio-8090-exec-2] Login request : Start
2019-08-01 19:55:57,366 INFO com.dal.mycareer.model.LoginModel [http-nio-8090-exec-2] Verify Login : START
2019-08-01 19:55:57,791 DEBUG com.dal.mycareer.model.LoginModel [http-nio-8090-exec-2] jess@yopmail.com is loggedIn as Student
2019-08-01 19:55:57,792 INFO com.dal.mycareer.model.LoginModel [http-nio-8090-exec-2] Verify Login : END
2019-08-01 19:55:57,795 INFO com.dal.mycareer.controller.LoginController [http-nio-8090-exec-2] Login request : END
2019-08-01 19:55:57,808 DEBUG com.dal.mycareer.controller.StudentController [http-nio-8090-exec-3] StudentController: loadStudentHome method: Entered
2019-08-01 19:55:57,809 INFO com.dal.mycareer.model.RoleModel [http-nio-8090-exec-3] Get base page : START
2019-08-01 19:55:57,810 INFO com.dal.mycareer.model.RoleModel [http-nio-8090-exec-3] Get base page : END
2019-08-01 19:55:57,810 DEBUG com.dal.mycareer.model.StudentModel [http-nio-8090-exec-3] StudentModel: fetchJobs method: Entered
2019-08-01 19:55:57,811 DEBUG com.dal.mycareer.DAO.Impl.StudentDetailsDAO [http-nio-8090-exec-3] StudentDetailsDAO: getStudentDetails method: Entered
2019-08-01 19:55:58,121 DEBUG com.dal.mycareer.DAO.Impl.StudentDetailsDAO [http-nio-8090-exec-3] Details for student with session name: jess@yopmail.com and ID: 36 successfully fetched
2019-08-01 19:55:58,123 DEBUG com.dal.mycareer.DAO.Impl.StudentDetailsDAO [http-nio-8090-exec-3] StudentDetailsDAO: getStudentDetails method: Exit
2019-08-01 19:55:58,124 DEBUG com.dal.mycareer.DAO.Impl.StudentJobsDAO [http-nio-8090-exec-3] StudentJobsDAO: getAllJobList method: Entered
2019-08-01 19:55:58,416 DEBUG com.dal.mycareer.DAO.Impl.StudentJobsDAO [http-nio-8090-exec-3] Jobs fetched:
2019-08-01 19:55:58,417 DEBUG com.dal.mycareer.DAO.Impl.StudentJobsDAO [http-nio-8090-exec-3] StudentJobsDAO: getAllJobList method: Exit
2019-08-01 19:55:58,418 DEBUG com.dal.mycareer.DAO.Impl.StudentJobsDAO [http-nio-8090-exec-3] StudentJobsDAO: getAppliedJobList method: Entered
2019-08-01 19:55:59,192 DEBUG com.dal.mycareer.DAO.Impl.StudentJobsDAO [http-nio-8090-exec-3] Applied jobs fetched:
2019-08-01 19:55:59,193 DEBUG com.dal.mycareer.DAO.Impl.StudentJobsDAO [http-nio-8090-exec-3] ID: 18
2019-08-01 19:55:59,199 DEBUG com.dal.mycareer.DAO.Impl.StudentJobsDAO [http-nio-8090-exec-3] StudentJobsDAO: getAppliedJobList method: Exit
2019-08-01 19:55:59,200 DEBUG com.dal.mycareer.model.StudentModel [http-nio-8090-exec-3] StudentModel: fetchJobs method: Exit
2019-08-01 19:55:59,202 DEBUG com.dal.mycareer.controller.StudentController [http-nio-8090-exec-3] StudentController: loadStudentHome method: Exit
2019-08-01 19:57:26,697 INFO com.dal.mycareer.model.JobsModel [main] DL: updateJobStatus method started
2019-08-01 19:57:27,350 INFO com.dal.mycareer.model.JobsModel [main] DL: updateJobStatus method started
2019-08-01 19:57:27,930 DEBUG com.dal.mycareer.model.JobsModel [main] JobsModel: fetchJob method: Entered
2019-08-01 19:57:27,932 DEBUG com.dal.mycareer.model.JobsModel [main] JobsModel: fetchJob method: Exit
2019-08-01 19:57:28,329 DEBUG com.dal.mycareer.model.StudentJobsModel [main] StudentModel: fetchJobs method: Entered
2019-08-01 19:57:28,331 DEBUG com.dal.mycareer.model.StudentJobsModel [main] StudentModel: fetchJobs method: Exit
2019-08-01 19:57:28,333 DEBUG com.dal.mycareer.model.StudentJobsModel [main] StudentModel: filterStudentSpecificJobList method: Entered
2019-08-01 19:57:28,334 DEBUG com.dal.mycareer.model.StudentJobsModel [main] StudentModel: filterStudentSpecificJobList method: Exit
2019-08-01 19:57:28,353 INFO com.dal.mycareer.model.StudentProfileModel [main] Get student profile : START
2019-08-01 19:57:28,355 INFO com.dal.mycareer.model.StudentProfileModel [main] Get student profile : END
2019-08-01 19:57:28,387 DEBUG com.dal.mycareer.model.RecruiterRegistrationRequestModel [main] RecruiterRegistrationRequestModel: fetchRecruiterRequests method: Entered
2019-08-01 19:57:28,390 DEBUG com.dal.mycareer.model.RecruiterRegistrationRequestModel [main] RecruiterRegistrationRequestModel: fetchRecruiterRequests method: Exit
2019-08-01 19:57:28,424 DEBUG com.dal.mycareer.model.RecruiterRegistrationRequestModel [main] RecruiterRegistrationRequestModel: approveRecruiterRequest method: Entered
2019-08-01 19:57:28,426 DEBUG com.dal.mycareer.model.RecruiterRegistrationRequestModel [main] RecruiterRegistrationRequestModel: approveRecruiterRequest method: Exit
2019-08-01 19:57:28,452 DEBUG com.dal.mycareer.model.RecruiterRegistrationRequestModel [main] RecruiterRegistrationRequestModel: rejectRecruiterRequest method: Entered
2019-08-01 19:57:28,453 DEBUG com.dal.mycareer.model.RecruiterRegistrationRequestModel [main] Recruiter request is rejected.
2019-08-01 19:57:28,454 DEBUG com.dal.mycareer.model.RecruiterRegistrationRequestModel [main] RecruiterRegistrationRequestModel: rejectRecruiterRequest method: Exit
2019-08-01 19:57:28,482 DEBUG com.dal.mycareer.model.StudentApplicationModel [main] StudentApplicationModel: withdrawJobApplication method: Entered
2019-08-01 19:57:28,486 DEBUG com.dal.mycareer.model.StudentApplicationModel [main] Job application successfully withdrawn.
2019-08-01 19:57:28,488 DEBUG com.dal.mycareer.model.StudentApplicationModel [main] StudentApplicationModel: withdrawJobApplication method: Exit
2019-08-01 19:57:28,489 DEBUG com.dal.mycareer.model.StudentApplicationModelTest [main] Error during execution of StudentModelTest: testWithdrawApplication()
2019-08-01 19:57:28,519 DEBUG com.dal.mycareer.model.StudentApplicationModel [main] StudentApplicationModel: submitJobApplication method: Entered
2019-08-01 19:57:28,521 DEBUG com.dal.mycareer.model.StudentApplicationModel [main] Job application successful.
2019-08-01 19:57:28,522 DEBUG com.dal.mycareer.model.StudentApplicationModel [main] StudentApplicationModel: submitJobApplication method: Exit
2019-08-01 19:57:28,525 DEBUG com.dal.mycareer.model.StudentApplicationModel [main] StudentApplicationModel: checkApplicationExists method: Entered
2019-08-01 19:57:28,526 DEBUG com.dal.mycareer.model.StudentApplicationModel [main] StudentApplicationModel: checkApplicationExists method: Exit
2019-08-01 19:57:28,565 INFO com.dal.mycareer.model.RoleModel [main] Get base page : START
2019-08-01 19:57:28,568 INFO com.dal.mycareer.model.RoleModel [main] Get base page : END
2019-08-01 19:57:28,571 INFO com.dal.mycareer.model.EmployerJobsModel [main] BL: viewPostedJobDetails method started for jobId-1
2019-08-01 19:57:28,573 INFO com.dal.mycareer.model.EmployerJobsModel [main] BL: updateJobDetails method started for jobId-2
2019-08-01 19:57:28,574 INFO com.dal.mycareer.model.EmployerJobsModel [main] BL: viewPostedJobDetails method started for jobId-2
2019-08-01 19:57:28,575 INFO com.dal.mycareer.model.EmployerJobsModel [main] BL: getActiveJobs method started for user-Steve
2019-08-01 19:57:28,577 INFO com.dal.mycareer.model.EmployerJobsModel [main] BL: getClosedJobs method started for user-Michael
2019-08-01 19:57:28,578 INFO com.dal.mycareer.model.EmployerJobsModel [main] BL: InsertJobDetails method started for user-Steve Balmer
2019-08-01 19:57:38,610 INFO com.dal.mycareer.controller.RequestController [http-nio-8090-exec-6] Routed to Homepage
2019-08-01 19:57:38,614 INFO com.dal.mycareer.model.RoleModel [http-nio-8090-exec-6] Get base page : START
2019-08-01 19:57:38,614 INFO com.dal.mycareer.model.RoleModel [http-nio-8090-exec-6] Get base page : END
2019-08-01 19:57:38,626 DEBUG com.dal.mycareer.controller.StudentController [http-nio-8090-exec-7] StudentController: loadStudentHome method: Entered
2019-08-01 19:57:38,627 INFO com.dal.mycareer.model.RoleModel [http-nio-8090-exec-7] Get base page : START
2019-08-01 19:57:38,628 INFO com.dal.mycareer.model.RoleModel [http-nio-8090-exec-7] Get base page : END
2019-08-01 19:57:38,629 DEBUG com.dal.mycareer.model.StudentModel [http-nio-8090-exec-7] StudentModel: fetchJobs method: Entered
2019-08-01 19:57:38,629 DEBUG com.dal.mycareer.DAO.Impl.StudentDetailsDAO [http-nio-8090-exec-7] StudentDetailsDAO: getStudentDetails method: Entered
2019-08-01 19:57:40,321 DEBUG com.dal.mycareer.DAO.Impl.StudentDetailsDAO [http-nio-8090-exec-7] Details for student with session name: jess@yopmail.com and ID: 36 successfully fetched
2019-08-01 19:57:40,323 DEBUG com.dal.mycareer.DAO.Impl.StudentDetailsDAO [http-nio-8090-exec-7] StudentDetailsDAO: getStudentDetails method: Exit
2019-08-01 19:57:40,324 DEBUG com.dal.mycareer.DAO.Impl.StudentJobsDAO [http-nio-8090-exec-7] StudentJobsDAO: getAllJobList method: Entered
2019-08-01 19:57:42,207 DEBUG com.dal.mycareer.DAO.Impl.StudentJobsDAO [http-nio-8090-exec-7] Jobs fetched:
2019-08-01 19:57:42,209 DEBUG com.dal.mycareer.DAO.Impl.StudentJobsDAO [http-nio-8090-exec-7] StudentJobsDAO: getAllJobList method: Exit
2019-08-01 19:57:42,210 DEBUG com.dal.mycareer.DAO.Impl.StudentJobsDAO [http-nio-8090-exec-7] StudentJobsDAO: getAppliedJobList method: Entered
2019-08-01 19:57:43,607 DEBUG com.dal.mycareer.controller.StudentController [http-nio-8090-exec-8] StudentController: loadStudentHome method: Entered
2019-08-01 19:57:43,608 INFO com.dal.mycareer.model.RoleModel [http-nio-8090-exec-8] Get base page : START
2019-08-01 19:57:43,609 INFO com.dal.mycareer.model.RoleModel [http-nio-8090-exec-8] Get base page : END
2019-08-01 19:57:43,610 DEBUG com.dal.mycareer.model.StudentModel [http-nio-8090-exec-8] StudentModel: fetchJobs method: Entered
2019-08-01 19:57:43,612 DEBUG com.dal.mycareer.DAO.Impl.StudentDetailsDAO [http-nio-8090-exec-8] StudentDetailsDAO: getStudentDetails method: Entered
2019-08-01 19:57:44,930 DEBUG com.dal.mycareer.DAO.Impl.StudentJobsDAO [http-nio-8090-exec-7] Applied jobs fetched:
2019-08-01 19:57:44,932 DEBUG com.dal.mycareer.DAO.Impl.StudentJobsDAO [http-nio-8090-exec-7] ID: 18
2019-08-01 19:57:44,935 DEBUG com.dal.mycareer.DAO.Impl.StudentJobsDAO [http-nio-8090-exec-7] StudentJobsDAO: getAppliedJobList method: Exit
2019-08-01 19:57:44,936 DEBUG com.dal.mycareer.model.StudentModel [http-nio-8090-exec-7] StudentModel: fetchJobs method: Exit
2019-08-01 19:57:44,936 DEBUG com.dal.mycareer.controller.StudentController [http-nio-8090-exec-7] StudentController: loadStudentHome method: Exit
2019-08-01 19:57:45,240 DEBUG com.dal.mycareer.DAO.Impl.StudentDetailsDAO [http-nio-8090-exec-8] Details for student with session name: jess@yopmail.com and ID: 36 successfully fetched
2019-08-01 19:57:45,242 DEBUG com.dal.mycareer.DAO.Impl.StudentDetailsDAO [http-nio-8090-exec-8] StudentDetailsDAO: getStudentDetails method: Exit
2019-08-01 19:57:45,243 DEBUG com.dal.mycareer.DAO.Impl.StudentJobsDAO [http-nio-8090-exec-8] StudentJobsDAO: getAllJobList method: Entered
2019-08-01 19:57:45,925 DEBUG com.dal.mycareer.DAO.Impl.StudentJobsDAO [http-nio-8090-exec-8] Jobs fetched:
2019-08-01 19:57:45,928 DEBUG com.dal.mycareer.DAO.Impl.StudentJobsDAO [http-nio-8090-exec-8] StudentJobsDAO: getAllJobList method: Exit
2019-08-01 19:57:45,930 DEBUG com.dal.mycareer.DAO.Impl.StudentJobsDAO [http-nio-8090-exec-8] StudentJobsDAO: getAppliedJobList method: Entered
2019-08-01 19:57:47,702 DEBUG com.dal.mycareer.DAO.Impl.StudentJobsDAO [http-nio-8090-exec-8] Applied jobs fetched:
2019-08-01 19:57:47,703 DEBUG com.dal.mycareer.DAO.Impl.StudentJobsDAO [http-nio-8090-exec-8] ID: 18
2019-08-01 19:57:47,704 DEBUG com.dal.mycareer.DAO.Impl.StudentJobsDAO [http-nio-8090-exec-8] StudentJobsDAO: getAppliedJobList method: Exit
2019-08-01 19:57:47,705 DEBUG com.dal.mycareer.model.StudentModel [http-nio-8090-exec-8] StudentModel: fetchJobs method: Exit
2019-08-01 19:57:47,706 DEBUG com.dal.mycareer.controller.StudentController [http-nio-8090-exec-8] StudentController: loadStudentHome method: Exit
2019-08-01 20:00:36,152 DEBUG com.dal.mycareer.controller.StudentController [http-nio-8090-exec-10] StudentController: loadStudentHome method: Entered
2019-08-01 20:00:36,155 INFO com.dal.mycareer.model.RoleModel [http-nio-8090-exec-10] Get base page : START
2019-08-01 20:00:36,156 INFO com.dal.mycareer.model.RoleModel [http-nio-8090-exec-10] Get base page : END
2019-08-01 20:00:36,158 DEBUG com.dal.mycareer.model.StudentModel [http-nio-8090-exec-10] StudentModel: fetchJobs method: Entered
2019-08-01 20:00:36,158 DEBUG com.dal.mycareer.DAO.Impl.StudentDetailsDAO [http-nio-8090-exec-10] StudentDetailsDAO: getStudentDetails method: Entered
2019-08-01 20:00:38,877 DEBUG com.dal.mycareer.DAO.Impl.StudentDetailsDAO [http-nio-8090-exec-10] Details for student with session name: jess@yopmail.com and ID: 36 successfully fetched
2019-08-01 20:00:38,880 DEBUG com.dal.mycareer.DAO.Impl.StudentDetailsDAO [http-nio-8090-exec-10] StudentDetailsDAO: getStudentDetails method: Exit
2019-08-01 20:00:38,881 DEBUG com.dal.mycareer.DAO.Impl.StudentJobsDAO [http-nio-8090-exec-10] StudentJobsDAO: getAllJobList method: Entered
2019-08-01 20:00:39,847 DEBUG com.dal.mycareer.DAO.Impl.StudentJobsDAO [http-nio-8090-exec-10] Jobs fetched:
2019-08-01 20:00:39,850 DEBUG com.dal.mycareer.DAO.Impl.StudentJobsDAO [http-nio-8090-exec-10] StudentJobsDAO: getAllJobList method: Exit
2019-08-01 20:00:39,851 DEBUG com.dal.mycareer.DAO.Impl.StudentJobsDAO [http-nio-8090-exec-10] StudentJobsDAO: getAppliedJobList method: Entered
2019-08-01 20:00:44,386 INFO com.dal.mycareer.controller.RequestController [http-nio-8090-exec-1] Routed to Homepage
2019-08-01 20:00:44,387 INFO com.dal.mycareer.model.RoleModel [http-nio-8090-exec-1] Get base page : START
2019-08-01 20:00:44,388 INFO com.dal.mycareer.model.RoleModel [http-nio-8090-exec-1] Get base page : END
2019-08-01 20:00:45,546 DEBUG com.dal.mycareer.controller.StudentController [http-nio-8090-exec-2] StudentController: loadStudentHome method: Entered
2019-08-01 20:00:45,547 INFO com.dal.mycareer.model.RoleModel [http-nio-8090-exec-2] Get base page : START
2019-08-01 20:00:45,548 INFO com.dal.mycareer.model.RoleModel [http-nio-8090-exec-2] Get base page : END
2019-08-01 20:00:45,549 DEBUG com.dal.mycareer.model.StudentModel [http-nio-8090-exec-2] StudentModel: fetchJobs method: Entered
2019-08-01 20:00:45,551 DEBUG com.dal.mycareer.DAO.Impl.StudentDetailsDAO [http-nio-8090-exec-2] StudentDetailsDAO: getStudentDetails method: Entered
2019-08-01 20:00:48,920 DEBUG com.dal.mycareer.DAO.Impl.StudentJobsDAO [http-nio-8090-exec-10] Applied jobs fetched:
2019-08-01 20:00:48,920 DEBUG com.dal.mycareer.DAO.Impl.StudentJobsDAO [http-nio-8090-exec-10] ID: 18
2019-08-01 20:00:48,922 DEBUG com.dal.mycareer.DAO.Impl.StudentJobsDAO [http-nio-8090-exec-10] StudentJobsDAO: getAppliedJobList method: Exit
2019-08-01 20:00:48,925 DEBUG com.dal.mycareer.model.StudentModel [http-nio-8090-exec-10] StudentModel: fetchJobs method: Exit
2019-08-01 20:00:48,926 DEBUG com.dal.mycareer.controller.StudentController [http-nio-8090-exec-10] StudentController: loadStudentHome method: Exit
2019-08-01 20:00:49,388 DEBUG com.dal.mycareer.controller.StudentController [http-nio-8090-exec-3] StudentController: loadStudentHome method: Entered
2019-08-01 20:00:49,390 INFO com.dal.mycareer.model.RoleModel [http-nio-8090-exec-3] Get base page : START
2019-08-01 20:00:49,391 INFO com.dal.mycareer.model.RoleModel [http-nio-8090-exec-3] Get base page : END
2019-08-01 20:00:49,393 DEBUG com.dal.mycareer.model.StudentModel [http-nio-8090-exec-3] StudentModel: fetchJobs method: Entered
2019-08-01 20:00:49,395 DEBUG com.dal.mycareer.DAO.Impl.StudentDetailsDAO [http-nio-8090-exec-3] StudentDetailsDAO: getStudentDetails method: Entered
2019-08-01 20:00:55,171 DEBUG com.dal.mycareer.DAO.Impl.StudentDetailsDAO [http-nio-8090-exec-2] Details for student with session name: jess@yopmail.com and ID: 36 successfully fetched
2019-08-01 20:00:55,174 DEBUG com.dal.mycareer.DAO.Impl.StudentDetailsDAO [http-nio-8090-exec-2] StudentDetailsDAO: getStudentDetails method: Exit
2019-08-01 20:00:55,174 DEBUG com.dal.mycareer.DAO.Impl.StudentJobsDAO [http-nio-8090-exec-2] StudentJobsDAO: getAllJobList method: Entered
2019-08-01 20:01:00,256 DEBUG com.dal.mycareer.DAO.Impl.StudentDetailsDAO [http-nio-8090-exec-3] Details for student with session name: jess@yopmail.com and ID: 36 successfully fetched
2019-08-01 20:01:00,259 DEBUG com.dal.mycareer.DAO.Impl.StudentDetailsDAO [http-nio-8090-exec-3] StudentDetailsDAO: getStudentDetails method: Exit
2019-08-01 20:01:00,261 DEBUG com.dal.mycareer.DAO.Impl.StudentJobsDAO [http-nio-8090-exec-3] StudentJobsDAO: getAllJobList method: Entered
2019-08-01 20:01:01,123 DEBUG com.dal.mycareer.DAO.Impl.StudentJobsDAO [http-nio-8090-exec-2] Jobs fetched:
2019-08-01 20:01:01,125 DEBUG com.dal.mycareer.DAO.Impl.StudentJobsDAO [http-nio-8090-exec-2] StudentJobsDAO: getAllJobList method: Exit
2019-08-01 20:01:01,126 DEBUG com.dal.mycareer.DAO.Impl.StudentJobsDAO [http-nio-8090-exec-2] StudentJobsDAO: getAppliedJobList method: Entered
2019-08-01 20:01:01,755 DEBUG com.dal.mycareer.DAO.Impl.StudentJobsDAO [http-nio-8090-exec-3] Jobs fetched:
2019-08-01 20:01:03,877 DEBUG com.dal.mycareer.DAO.Impl.StudentJobsDAO [http-nio-8090-exec-2] Applied jobs fetched:
2019-08-01 20:01:03,882 DEBUG com.dal.mycareer.DAO.Impl.StudentJobsDAO [http-nio-8090-exec-3] StudentJobsDAO: getAllJobList method: Exit
2019-08-01 20:01:03,882 ERROR com.dal.mycareer.DAO.Impl.StudentJobsDAO [http-nio-8090-exec-2] SQLException Occurred in StudentJobsDAO: getAppliedJobList method:Operation not allowed after ResultSet closed
2019-08-01 20:01:03,884 DEBUG com.dal.mycareer.DAO.Impl.StudentJobsDAO [http-nio-8090-exec-3] StudentJobsDAO: getAppliedJobList method: Entered
2019-08-01 20:01:03,884 DEBUG com.dal.mycareer.DAO.Impl.StudentJobsDAO [http-nio-8090-exec-2] StudentJobsDAO: getAppliedJobList method: Exit
2019-08-01 20:01:03,933 DEBUG com.dal.mycareer.controller.GlobalExceptionController [http-nio-8090-exec-2] Redirecting to Error page
2019-08-01 20:01:08,588 DEBUG com.dal.mycareer.DAO.Impl.StudentJobsDAO [http-nio-8090-exec-3] Applied jobs fetched:
2019-08-01 20:01:08,588 DEBUG com.dal.mycareer.DAO.Impl.StudentJobsDAO [http-nio-8090-exec-3] ID: 18
2019-08-01 20:01:08,590 DEBUG com.dal.mycareer.DAO.Impl.StudentJobsDAO [http-nio-8090-exec-3] StudentJobsDAO: getAppliedJobList method: Exit
2019-08-01 20:01:08,592 DEBUG com.dal.mycareer.model.StudentModel [http-nio-8090-exec-3] StudentModel: fetchJobs method: Exit
2019-08-01 20:01:08,592 DEBUG com.dal.mycareer.controller.StudentController [http-nio-8090-exec-3] StudentController: loadStudentHome method: Exit
2019-08-01 20:01:57,695 INFO com.dal.mycareer.model.JobsModel [main] DL: updateJobStatus method started
2019-08-01 20:01:58,757 INFO com.dal.mycareer.model.JobsModel [main] DL: updateJobStatus method started
2019-08-01 20:01:59,431 DEBUG com.dal.mycareer.model.JobsModel [main] JobsModel: fetchJob method: Entered
2019-08-01 20:01:59,432 DEBUG com.dal.mycareer.model.JobsModel [main] JobsModel: fetchJob method: Exit
2019-08-01 20:01:59,708 DEBUG com.dal.mycareer.model.StudentJobsModel [main] StudentModel: fetchJobs method: Entered
2019-08-01 20:01:59,710 DEBUG com.dal.mycareer.model.StudentJobsModel [main] StudentModel: fetchJobs method: Exit
2019-08-01 20:01:59,713 DEBUG com.dal.mycareer.model.StudentJobsModel [main] StudentModel: filterStudentSpecificJobList method: Entered
2019-08-01 20:01:59,713 DEBUG com.dal.mycareer.model.StudentJobsModel [main] StudentModel: filterStudentSpecificJobList method: Exit
2019-08-01 20:01:59,726 INFO com.dal.mycareer.model.StudentProfileModel [main] Get student profile : START
2019-08-01 20:01:59,726 INFO com.dal.mycareer.model.StudentProfileModel [main] Get student profile : END
2019-08-01 20:01:59,745 DEBUG com.dal.mycareer.model.RecruiterRegistrationRequestModel [main] RecruiterRegistrationRequestModel: fetchRecruiterRequests method: Entered
2019-08-01 20:01:59,745 DEBUG com.dal.mycareer.model.RecruiterRegistrationRequestModel [main] RecruiterRegistrationRequestModel: fetchRecruiterRequests method: Exit
2019-08-01 20:01:59,766 DEBUG com.dal.mycareer.model.RecruiterRegistrationRequestModel [main] RecruiterRegistrationRequestModel: approveRecruiterRequest method: Entered
2019-08-01 20:01:59,768 DEBUG com.dal.mycareer.model.RecruiterRegistrationRequestModel [main] RecruiterRegistrationRequestModel: approveRecruiterRequest method: Exit
2019-08-01 20:01:59,778 DEBUG com.dal.mycareer.model.RecruiterRegistrationRequestModel [main] RecruiterRegistrationRequestModel: rejectRecruiterRequest method: Entered
2019-08-01 20:01:59,780 DEBUG com.dal.mycareer.model.RecruiterRegistrationRequestModel [main] Recruiter request is rejected.
2019-08-01 20:01:59,780 DEBUG com.dal.mycareer.model.RecruiterRegistrationRequestModel [main] RecruiterRegistrationRequestModel: rejectRecruiterRequest method: Exit
2019-08-01 20:01:59,802 DEBUG com.dal.mycareer.model.StudentApplicationModel [main] StudentApplicationModel: withdrawJobApplication method: Entered
2019-08-01 20:01:59,803 DEBUG com.dal.mycareer.model.StudentApplicationModel [main] Job application successfully withdrawn.
2019-08-01 20:01:59,803 DEBUG com.dal.mycareer.model.StudentApplicationModel [main] StudentApplicationModel: withdrawJobApplication method: Exit
2019-08-01 20:01:59,805 DEBUG com.dal.mycareer.model.StudentApplicationModelTest [main] Error during execution of StudentModelTest: testWithdrawApplication()
2019-08-01 20:01:59,825 DEBUG com.dal.mycareer.model.StudentApplicationModel [main] StudentApplicationModel: submitJobApplication method: Entered
2019-08-01 20:01:59,827 DEBUG com.dal.mycareer.model.StudentApplicationModel [main] Job application successful.
2019-08-01 20:01:59,828 DEBUG com.dal.mycareer.model.StudentApplicationModel [main] StudentApplicationModel: submitJobApplication method: Exit
2019-08-01 20:01:59,830 DEBUG com.dal.mycareer.model.StudentApplicationModel [main] StudentApplicationModel: checkApplicationExists method: Entered
2019-08-01 20:01:59,830 DEBUG com.dal.mycareer.model.StudentApplicationModel [main] StudentApplicationModel: checkApplicationExists method: Exit
2019-08-01 20:01:59,850 INFO com.dal.mycareer.model.RoleModel [main] Get base page : START
2019-08-01 20:01:59,852 INFO com.dal.mycareer.model.RoleModel [main] Get base page : END
2019-08-01 20:01:59,854 INFO com.dal.mycareer.model.EmployerJobsModel [main] BL: viewPostedJobDetails method started for jobId-1
2019-08-01 20:01:59,856 INFO com.dal.mycareer.model.EmployerJobsModel [main] BL: updateJobDetails method started for jobId-2
2019-08-01 20:01:59,857 INFO com.dal.mycareer.model.EmployerJobsModel [main] BL: viewPostedJobDetails method started for jobId-2
2019-08-01 20:01:59,858 INFO com.dal.mycareer.model.EmployerJobsModel [main] BL: getActiveJobs method started for user-Steve
2019-08-01 20:01:59,860 INFO com.dal.mycareer.model.EmployerJobsModel [main] BL: getClosedJobs method started for user-Michael
2019-08-01 20:01:59,860 INFO com.dal.mycareer.model.EmployerJobsModel [main] BL: InsertJobDetails method started for user-Steve Balmer
2019-08-01 20:03:50,888 INFO com.dal.mycareer.controller.RequestController [http-nio-8090-exec-5] Routed to Logout
2019-08-01 20:03:50,890 INFO com.dal.mycareer.model.RoleModel [http-nio-8090-exec-5] Get base page : START
2019-08-01 20:03:50,892 INFO com.dal.mycareer.model.RoleModel [http-nio-8090-exec-5] Get base page : END
2019-08-01 20:03:50,896 INFO com.dal.mycareer.controller.RequestController [http-nio-8090-exec-5] Session Invalidated and Logged out
2019-08-01 20:03:53,206 INFO com.dal.mycareer.controller.RequestController [http-nio-8090-exec-6] Routed to Homepage
2019-08-01 20:03:53,207 INFO com.dal.mycareer.model.RoleModel [http-nio-8090-exec-6] Get base page : START
2019-08-01 20:03:53,209 INFO com.dal.mycareer.model.RoleModel [http-nio-8090-exec-6] Get base page : END
2019-08-01 20:03:55,987 INFO com.dal.mycareer.controller.LoginController [http-nio-8090-exec-7] Login request : Start
2019-08-01 20:03:55,987 INFO com.dal.mycareer.model.LoginModel [http-nio-8090-exec-7] Verify Login : START
2019-08-01 20:03:56,346 DEBUG com.dal.mycareer.model.LoginModel [http-nio-8090-exec-7] Invalid login for : jess@yopmail.com
2019-08-01 20:03:56,347 INFO com.dal.mycareer.model.LoginModel [http-nio-8090-exec-7] Verify Login : END
2019-08-01 20:03:56,348 ERROR com.dal.mycareer.controller.LoginController [http-nio-8090-exec-7] Incorrect URL entered by user
2019-08-01 20:03:56,348 INFO com.dal.mycareer.controller.LoginController [http-nio-8090-exec-7] Login request : END
2019-08-01 20:04:06,072 INFO com.dal.mycareer.controller.LoginController [http-nio-8090-exec-9] Login request : Start
2019-08-01 20:04:06,074 INFO com.dal.mycareer.model.LoginModel [http-nio-8090-exec-9] Verify Login : START
2019-08-01 20:04:07,510 DEBUG com.dal.mycareer.model.LoginModel [http-nio-8090-exec-9] bill@abc.comis loggedIn asEmployer
2019-08-01 20:04:07,511 INFO com.dal.mycareer.model.LoginModel [http-nio-8090-exec-9] Verify Login : END
2019-08-01 20:04:07,511 INFO com.dal.mycareer.controller.LoginController [http-nio-8090-exec-9] Login request : END
2019-08-01 20:04:07,524 INFO com.dal.mycareer.controller.RequestController [http-nio-8090-exec-1] Routed to EmployerHome
2019-08-01 20:04:07,525 INFO com.dal.mycareer.model.RoleModel [http-nio-8090-exec-1] Get base page : START
2019-08-01 20:04:07,527 INFO com.dal.mycareer.model.RoleModel [http-nio-8090-exec-1] Get base page : END
2019-08-01 20:04:08,012 INFO com.dal.mycareer.controller.EmployerJobsController [http-nio-8090-exec-10] Controller: Inside getActiveJobs for user-bill@abc.com
2019-08-01 20:04:08,015 INFO com.dal.mycareer.model.EmployerJobsModel [http-nio-8090-exec-10] BL: getActiveJobs method started for user-bill@abc.com
2019-08-01 20:04:08,018 INFO com.dal.mycareer.DAO.Impl.EmployerJobsDAO [http-nio-8090-exec-10] fetchJobByStatus method started
2019-08-01 20:04:08,020 INFO com.dal.mycareer.DAO.Impl.EmployerJobsDAO [http-nio-8090-exec-10] Setting the procedure name for getting Active jobs -fetchJobByStatus Method
2019-08-01 20:04:11,605 INFO com.dal.mycareer.controller.RequestController [http-nio-8090-exec-2] Routed to Logout
2019-08-01 20:04:11,607 INFO com.dal.mycareer.model.RoleModel [http-nio-8090-exec-2] Get base page : START
2019-08-01 20:04:11,609 INFO com.dal.mycareer.model.RoleModel [http-nio-8090-exec-2] Get base page : END
2019-08-01 20:04:11,611 INFO com.dal.mycareer.controller.RequestController [http-nio-8090-exec-2] Session Invalidated and Logged out
2019-08-01 20:04:13,096 INFO com.dal.mycareer.controller.RequestController [http-nio-8090-exec-3] Routed to Homepage
2019-08-01 20:04:13,099 INFO com.dal.mycareer.model.RoleModel [http-nio-8090-exec-3] Get base page : START
2019-08-01 20:04:13,101 INFO com.dal.mycareer.model.RoleModel [http-nio-8090-exec-3] Get base page : END
2019-08-01 20:04:21,537 INFO com.dal.mycareer.controller.LoginController [http-nio-8090-exec-5] Login request : Start
2019-08-01 20:04:21,539 INFO com.dal.mycareer.model.LoginModel [http-nio-8090-exec-5] Verify Login : START
2019-08-01 20:04:21,863 DEBUG com.dal.mycareer.model.LoginModel [http-nio-8090-exec-5] coop@dal.ca is loggedIn as Co-op Admin
2019-08-01 20:04:21,864 INFO com.dal.mycareer.model.LoginModel [http-nio-8090-exec-5] Verify Login : END
2019-08-01 20:04:21,865 INFO com.dal.mycareer.controller.LoginController [http-nio-8090-exec-5] Login request : END
2019-08-01 20:04:21,880 DEBUG com.dal.mycareer.controller.CoopCoordinatorController [http-nio-8090-exec-6] CoopCoordinatorController: loadAdminHome method: Entered
2019-08-01 20:04:21,882 INFO com.dal.mycareer.model.RoleModel [http-nio-8090-exec-6] Get base page : START
2019-08-01 20:04:21,884 INFO com.dal.mycareer.model.RoleModel [http-nio-8090-exec-6] Get base page : END
2019-08-01 20:04:21,886 DEBUG com.dal.mycareer.model.RecruiterRegistrationRequestModel [http-nio-8090-exec-6] CoopCoordinatorModel: fetchRecruiterRequests method: Entered
2019-08-01 20:04:21,887 DEBUG com.dal.mycareer.DAO.Impl.RecruiterRegistrationRequestDAO [http-nio-8090-exec-6] CoopCoordinatorDAO: fetchRecruiterRequests method: Entered
2019-08-01 20:04:22,239 DEBUG com.dal.mycareer.DAO.Impl.RecruiterRegistrationRequestDAO [http-nio-8090-exec-6] Recruiter Requests fetched:
2019-08-01 20:04:22,240 DEBUG com.dal.mycareer.DAO.Impl.RecruiterRegistrationRequestDAO [http-nio-8090-exec-6] CoopCoordinatorDAO: fetchRecruiterRequests method: Exit
2019-08-01 20:04:22,241 DEBUG com.dal.mycareer.model.RecruiterRegistrationRequestModel [http-nio-8090-exec-6] CoopCoordinatorModel: fetchRecruiterRequests method: Exit
2019-08-01 20:04:22,242 DEBUG com.dal.mycareer.controller.CoopCoordinatorController [http-nio-8090-exec-6] CoopCoordinatorController: loadAdminHome method: Exit
2019-08-01 20:04:25,199 ERROR com.dal.mycareer.JDBC.ProcedureParamLoader [http-nio-8090-exec-7] Error Occurred in fillInputParameters :null
2019-08-01 20:04:27,854 INFO com.dal.mycareer.controller.PrerequisiteCoursesController [http-nio-8090-exec-8] Controller: Inside getPrerequisitCourses method
2019-08-01 20:04:27,855 INFO com.dal.mycareer.model.PrerequisiteCoursesModel [http-nio-8090-exec-8] BL: getPrerequisiteCourses method started
2019-08-01 20:04:27,857 INFO com.dal.mycareer.DAO.Impl.PrerequisiteCoursesDAO [http-nio-8090-exec-8] DL: getPrerequisiteCourses method started
2019-08-01 20:04:32,304 INFO com.dal.mycareer.controller.PrerequisiteCoursesController [http-nio-8090-exec-1] Controller: Inside getPrerequisitCourses method
2019-08-01 20:04:32,305 INFO com.dal.mycareer.model.PrerequisiteCoursesModel [http-nio-8090-exec-1] BL: getPrerequisiteCourses method started
2019-08-01 20:04:32,308 INFO com.dal.mycareer.DAO.Impl.PrerequisiteCoursesDAO [http-nio-8090-exec-1] DL: getPrerequisiteCourses method started
2019-08-01 20:05:00,670 ERROR com.dal.mycareer.JDBC.ProcedureParamLoader [http-nio-8090-exec-2] Error Occurred in fillInputParameters :null
2019-08-01 20:05:00,773 INFO com.dal.mycareer.DAO.Impl.PrerequisiteCoursesDAO [http-nio-8090-exec-10] DL: addStudentCompletedPrereq method started
2019-08-01 20:05:07,234 ERROR com.dal.mycareer.JDBC.ProcedureParamLoader [http-nio-8090-exec-3] Error Occurred in fillInputParameters :null
2019-08-01 20:05:09,197 INFO com.dal.mycareer.controller.RequestController [http-nio-8090-exec-4] Routed to Logout
2019-08-01 20:05:09,198 INFO com.dal.mycareer.model.RoleModel [http-nio-8090-exec-4] Get base page : START
2019-08-01 20:05:09,198 INFO com.dal.mycareer.model.RoleModel [http-nio-8090-exec-4] Get base page : END
2019-08-01 20:05:09,199 INFO com.dal.mycareer.controller.RequestController [http-nio-8090-exec-4] Session Invalidated and Logged out
2019-08-01 20:05:11,015 INFO com.dal.mycareer.controller.RequestController [http-nio-8090-exec-5] Routed to Homepage
2019-08-01 20:05:11,016 INFO com.dal.mycareer.model.RoleModel [http-nio-8090-exec-5] Get base page : START
2019-08-01 20:05:11,018 INFO com.dal.mycareer.model.RoleModel [http-nio-8090-exec-5] Get base page : END
2019-08-01 20:05:47,025 INFO com.dal.mycareer.controller.LoginController [http-nio-8090-exec-7] Login request : Start
2019-08-01 20:05:47,026 INFO com.dal.mycareer.model.LoginModel [http-nio-8090-exec-7] Verify Login : START
2019-08-01 20:05:47,544 DEBUG com.dal.mycareer.model.LoginModel [http-nio-8090-exec-7] Invalid login for : hg@yopmail.om
2019-08-01 20:05:47,544 INFO com.dal.mycareer.model.LoginModel [http-nio-8090-exec-7] Verify Login : END
2019-08-01 20:05:47,546 ERROR com.dal.mycareer.controller.LoginController [http-nio-8090-exec-7] Incorrect URL entered by user
2019-08-01 20:05:47,546 INFO com.dal.mycareer.controller.LoginController [http-nio-8090-exec-7] Login request : END
2019-08-01 20:06:20,339 INFO com.dal.mycareer.controller.LoginController [http-nio-8090-exec-9] Login request : Start
2019-08-01 20:06:20,341 INFO com.dal.mycareer.model.LoginModel [http-nio-8090-exec-9] Verify Login : START
2019-08-01 20:06:20,643 DEBUG com.dal.mycareer.model.LoginModel [http-nio-8090-exec-9] Invalid login for : hg@yopmail.om
2019-08-01 20:06:20,645 INFO com.dal.mycareer.model.LoginModel [http-nio-8090-exec-9] Verify Login : END
2019-08-01 20:06:20,646 ERROR com.dal.mycareer.controller.LoginController [http-nio-8090-exec-9] Incorrect URL entered by user
2019-08-01 20:06:20,648 INFO com.dal.mycareer.controller.LoginController [http-nio-8090-exec-9] Login request : END
2019-08-01 20:07:11,226 INFO com.dal.mycareer.controller.LoginController [http-nio-8090-exec-2] Login request : Start
2019-08-01 20:07:11,230 INFO com.dal.mycareer.model.LoginModel [http-nio-8090-exec-2] Verify Login : START
2019-08-01 20:07:11,539 DEBUG com.dal.mycareer.model.LoginModel [http-nio-8090-exec-2] hg@yopmail.com is loggedIn as Student
2019-08-01 20:07:11,540 INFO com.dal.mycareer.model.LoginModel [http-nio-8090-exec-2] Verify Login : END
2019-08-01 20:07:11,541 INFO com.dal.mycareer.controller.LoginController [http-nio-8090-exec-2] Login request : END
2019-08-01 20:07:11,551 DEBUG com.dal.mycareer.controller.StudentController [http-nio-8090-exec-10] StudentController: loadStudentHome method: Entered
2019-08-01 20:07:11,552 INFO com.dal.mycareer.model.RoleModel [http-nio-8090-exec-10] Get base page : START
2019-08-01 20:07:11,552 INFO com.dal.mycareer.model.RoleModel [http-nio-8090-exec-10] Get base page : END
2019-08-01 20:07:11,552 DEBUG com.dal.mycareer.model.StudentModel [http-nio-8090-exec-10] StudentModel: fetchJobs method: Entered
2019-08-01 20:07:11,554 DEBUG com.dal.mycareer.DAO.Impl.StudentDetailsDAO [http-nio-8090-exec-10] StudentDetailsDAO: getStudentDetails method: Entered
2019-08-01 20:07:11,899 DEBUG com.dal.mycareer.DAO.Impl.StudentDetailsDAO [http-nio-8090-exec-10] Details for student with session name: hg@yopmail.com and ID: 38 successfully fetched
2019-08-01 20:07:11,901 DEBUG com.dal.mycareer.DAO.Impl.StudentDetailsDAO [http-nio-8090-exec-10] StudentDetailsDAO: getStudentDetails method: Exit
2019-08-01 20:07:11,901 DEBUG com.dal.mycareer.DAO.Impl.StudentJobsDAO [http-nio-8090-exec-10] StudentJobsDAO: getAllJobList method: Entered
2019-08-01 20:07:12,192 DEBUG com.dal.mycareer.DAO.Impl.StudentJobsDAO [http-nio-8090-exec-10] Jobs fetched:
2019-08-01 20:07:12,193 DEBUG com.dal.mycareer.DAO.Impl.StudentJobsDAO [http-nio-8090-exec-10] ID: 179
2019-08-01 20:07:12,193 DEBUG com.dal.mycareer.DAO.Impl.StudentJobsDAO [http-nio-8090-exec-10] ID: 180
2019-08-01 20:07:12,194 DEBUG com.dal.mycareer.DAO.Impl.StudentJobsDAO [http-nio-8090-exec-10] ID: 181
2019-08-01 20:07:12,194 DEBUG com.dal.mycareer.DAO.Impl.StudentJobsDAO [http-nio-8090-exec-10] StudentJobsDAO: getAllJobList method: Exit
2019-08-01 20:07:12,195 DEBUG com.dal.mycareer.DAO.Impl.StudentJobsDAO [http-nio-8090-exec-10] StudentJobsDAO: getAppliedJobList method: Entered
2019-08-01 20:07:12,481 DEBUG com.dal.mycareer.DAO.Impl.StudentJobsDAO [http-nio-8090-exec-10] Applied jobs fetched:
2019-08-01 20:07:12,481 DEBUG com.dal.mycareer.DAO.Impl.StudentJobsDAO [http-nio-8090-exec-10] StudentJobsDAO: getAppliedJobList method: Exit
2019-08-01 20:07:12,481 DEBUG com.dal.mycareer.model.StudentModel [http-nio-8090-exec-10] StudentModel: fetchJobs method: Exit
2019-08-01 20:07:12,482 DEBUG com.dal.mycareer.controller.StudentController [http-nio-8090-exec-10] StudentController: loadStudentHome method: Exit
2019-08-01 20:07:22,949 DEBUG com.dal.mycareer.controller.StudentController [http-nio-8090-exec-4] StudentController: viewJob method: Entered
2019-08-01 20:07:22,951 INFO com.dal.mycareer.model.RoleModel [http-nio-8090-exec-4] Get base page : START
2019-08-01 20:07:22,953 INFO com.dal.mycareer.model.RoleModel [http-nio-8090-exec-4] Get base page : END
2019-08-01 20:07:22,955 DEBUG com.dal.mycareer.model.JobsModel [http-nio-8090-exec-4] JobsModel: fetchJob method: Entered
2019-08-01 20:07:22,956 DEBUG com.dal.mycareer.DAO.Impl.JobsDAO [http-nio-8090-exec-4] JobsDAO: fetchJob method: Entered
2019-08-01 20:07:23,443 DEBUG com.dal.mycareer.DAO.Impl.JobsDAO [http-nio-8090-exec-4] Jobs fetched:
2019-08-01 20:07:23,444 DEBUG com.dal.mycareer.DAO.Impl.JobsDAO [http-nio-8090-exec-4] Fetched Job with ID: 179
2019-08-01 20:07:23,447 DEBUG com.dal.mycareer.DAO.Impl.JobsDAO [http-nio-8090-exec-4] JobsDAO: fetchJob method: Exit
2019-08-01 20:07:23,448 DEBUG com.dal.mycareer.model.JobsModel [http-nio-8090-exec-4] JobsModel: fetchJob method: Exit
2019-08-01 20:07:23,450 DEBUG com.dal.mycareer.controller.StudentController [http-nio-8090-exec-4] StudentController: viewJob method: Exit
2019-08-01 20:07:25,729 DEBUG com.dal.mycareer.controller.StudentController [http-nio-8090-exec-5] StudentController: applyJob method: Entered
2019-08-01 20:07:25,731 DEBUG com.dal.mycareer.model.StudentApplicationModel [http-nio-8090-exec-5] StudentApplicationModel: checkApplicationExists method: Entered
2019-08-01 20:07:25,732 DEBUG com.dal.mycareer.DAO.Impl.StudentDetailsDAO [http-nio-8090-exec-5] StudentDetailsDAO: getStudentDetails method: Entered
2019-08-01 20:07:26,384 DEBUG com.dal.mycareer.DAO.Impl.StudentDetailsDAO [http-nio-8090-exec-5] Details for student with session name: hg@yopmail.com and ID: 38 successfully fetched
2019-08-01 20:07:26,386 DEBUG com.dal.mycareer.DAO.Impl.StudentDetailsDAO [http-nio-8090-exec-5] StudentDetailsDAO: getStudentDetails method: Exit
2019-08-01 20:07:26,388 DEBUG com.dal.mycareer.DAO.Impl.StudentApplicationDAO [http-nio-8090-exec-5] StudentApplicationDAO: checkApplicationExists method: Entered
2019-08-01 20:07:26,803 DEBUG com.dal.mycareer.DAO.Impl.StudentApplicationDAO [http-nio-8090-exec-5] Student with ID: 38 has not yet applied for job with ID: 179
2019-08-01 20:07:26,806 DEBUG com.dal.mycareer.DAO.Impl.StudentApplicationDAO [http-nio-8090-exec-5] StudentApplicationDAO: checkApplicationExists method: Exit
2019-08-01 20:07:26,808 DEBUG com.dal.mycareer.model.StudentApplicationModel [http-nio-8090-exec-5] StudentApplicationModel: checkApplicationExists method: Exit
2019-08-01 20:07:26,808 INFO com.dal.mycareer.model.RoleModel [http-nio-8090-exec-5] Get base page : START
2019-08-01 20:07:26,810 INFO com.dal.mycareer.model.RoleModel [http-nio-8090-exec-5] Get base page : END
2019-08-01 20:07:26,811 DEBUG com.dal.mycareer.controller.StudentController [http-nio-8090-exec-5] StudentController: applyJob method: Exit
2019-08-01 20:07:33,188 DEBUG com.dal.mycareer.controller.StudentController [http-nio-8090-exec-7] StudentController: upload method: Entered
2019-08-01 20:07:33,188 INFO com.dal.mycareer.model.RoleModel [http-nio-8090-exec-7] Get base page : START
2019-08-01 20:07:33,189 INFO com.dal.mycareer.model.RoleModel [http-nio-8090-exec-7] Get base page : END
2019-08-01 20:07:33,189 DEBUG com.dal.mycareer.model.StudentApplicationModel [http-nio-8090-exec-7] StudentApplicationModel: submitJobApplication method: Entered
2019-08-01 20:07:33,190 DEBUG com.dal.mycareer.DAO.Impl.StudentDetailsDAO [http-nio-8090-exec-7] StudentDetailsDAO: getStudentDetails method: Entered
2019-08-01 20:07:34,254 DEBUG com.dal.mycareer.DAO.Impl.StudentDetailsDAO [http-nio-8090-exec-7] Details for student with session name: hg@yopmail.com and ID: 38 successfully fetched
2019-08-01 20:07:34,256 DEBUG com.dal.mycareer.DAO.Impl.StudentDetailsDAO [http-nio-8090-exec-7] StudentDetailsDAO: getStudentDetails method: Exit
2019-08-01 20:07:34,257 DEBUG com.dal.mycareer.DAO.Impl.StudentApplicationDAO [http-nio-8090-exec-7] StudentApplicationDAO: submitJobApplication method: Entered
2019-08-01 20:07:36,114 DEBUG com.dal.mycareer.DAO.Impl.StudentApplicationDAO [http-nio-8090-exec-7] Student with ID: 38 has successfully applied for job with ID: 179 has been approved
2019-08-01 20:07:36,115 DEBUG com.dal.mycareer.DAO.Impl.StudentApplicationDAO [http-nio-8090-exec-7] StudentApplicationDAO: submitJobApplication method: Exit
2019-08-01 20:07:36,116 DEBUG com.dal.mycareer.DAO.Impl.StudentJobsDAO [http-nio-8090-exec-7] StudentJobsDAO: getAppliedJobList method: Entered
2019-08-01 20:07:38,966 DEBUG com.dal.mycareer.DAO.Impl.StudentJobsDAO [http-nio-8090-exec-7] Applied jobs fetched:
2019-08-01 20:07:38,967 DEBUG com.dal.mycareer.DAO.Impl.StudentJobsDAO [http-nio-8090-exec-7] ID: 19
2019-08-01 20:07:38,968 DEBUG com.dal.mycareer.DAO.Impl.StudentJobsDAO [http-nio-8090-exec-7] StudentJobsDAO: getAppliedJobList method: Exit
2019-08-01 20:07:38,968 DEBUG com.dal.mycareer.model.StudentApplicationModel [http-nio-8090-exec-7] Job application successful.
2019-08-01 20:07:38,969 DEBUG com.dal.mycareer.model.StudentApplicationModel [http-nio-8090-exec-7] StudentApplicationModel: submitJobApplication method: Exit
2019-08-01 20:07:38,969 DEBUG com.dal.mycareer.controller.StudentController [http-nio-8090-exec-7] StudentController: upload method: Exit
2019-08-01 20:07:41,737 DEBUG com.dal.mycareer.controller.StudentController [http-nio-8090-exec-8] StudentController: applyJob method: Entered
2019-08-01 20:07:41,738 DEBUG com.dal.mycareer.model.StudentApplicationModel [http-nio-8090-exec-8] StudentApplicationModel: checkApplicationExists method: Entered
2019-08-01 20:07:41,739 DEBUG com.dal.mycareer.DAO.Impl.StudentDetailsDAO [http-nio-8090-exec-8] StudentDetailsDAO: getStudentDetails method: Entered
2019-08-01 20:07:43,616 DEBUG com.dal.mycareer.DAO.Impl.StudentDetailsDAO [http-nio-8090-exec-8] Details for student with session name: hg@yopmail.com and ID: 38 successfully fetched
2019-08-01 20:07:43,617 DEBUG com.dal.mycareer.DAO.Impl.StudentDetailsDAO [http-nio-8090-exec-8] StudentDetailsDAO: getStudentDetails method: Exit
2019-08-01 20:07:43,618 DEBUG com.dal.mycareer.DAO.Impl.StudentApplicationDAO [http-nio-8090-exec-8] StudentApplicationDAO: checkApplicationExists method: Entered
2019-08-01 20:07:45,128 DEBUG com.dal.mycareer.DAO.Impl.StudentApplicationDAO [http-nio-8090-exec-8] Student with ID: 38 has already applied for job with ID: 179
2019-08-01 20:07:45,131 DEBUG com.dal.mycareer.DAO.Impl.StudentApplicationDAO [http-nio-8090-exec-8] StudentApplicationDAO: checkApplicationExists method: Exit
2019-08-01 20:07:45,132 DEBUG com.dal.mycareer.model.StudentApplicationModel [http-nio-8090-exec-8] StudentApplicationModel: checkApplicationExists method: Exit
2019-08-01 20:07:45,133 INFO com.dal.mycareer.model.RoleModel [http-nio-8090-exec-8] Get base page : START
2019-08-01 20:07:45,134 INFO com.dal.mycareer.model.RoleModel [http-nio-8090-exec-8] Get base page : END
2019-08-01 20:07:45,136 DEBUG com.dal.mycareer.controller.StudentController [http-nio-8090-exec-8] StudentController: applyJob method: Exit
2019-08-01 20:07:49,161 INFO com.dal.mycareer.controller.RequestController [http-nio-8090-exec-1] Routed to Homepage
2019-08-01 20:07:49,164 INFO com.dal.mycareer.model.RoleModel [http-nio-8090-exec-1] Get base page : START
2019-08-01 20:07:49,165 INFO com.dal.mycareer.model.RoleModel [http-nio-8090-exec-1] Get base page : END
2019-08-01 20:07:49,177 DEBUG com.dal.mycareer.controller.StudentController [http-nio-8090-exec-2] StudentController: loadStudentHome method: Entered
2019-08-01 20:07:49,178 INFO com.dal.mycareer.model.RoleModel [http-nio-8090-exec-2] Get base page : START
2019-08-01 20:07:49,178 INFO com.dal.mycareer.model.RoleModel [http-nio-8090-exec-2] Get base page : END
2019-08-01 20:07:49,179 DEBUG com.dal.mycareer.model.StudentModel [http-nio-8090-exec-2] StudentModel: fetchJobs method: Entered
2019-08-01 20:07:49,179 DEBUG com.dal.mycareer.DAO.Impl.StudentDetailsDAO [http-nio-8090-exec-2] StudentDetailsDAO: getStudentDetails method: Entered
2019-08-01 20:07:49,776 DEBUG com.dal.mycareer.DAO.Impl.StudentDetailsDAO [http-nio-8090-exec-2] Details for student with session name: hg@yopmail.com and ID: 38 successfully fetched
2019-08-01 20:07:49,778 DEBUG com.dal.mycareer.DAO.Impl.StudentDetailsDAO [http-nio-8090-exec-2] StudentDetailsDAO: getStudentDetails method: Exit
2019-08-01 20:07:49,779 DEBUG com.dal.mycareer.DAO.Impl.StudentJobsDAO [http-nio-8090-exec-2] StudentJobsDAO: getAllJobList method: Entered
2019-08-01 20:07:50,256 DEBUG com.dal.mycareer.DAO.Impl.StudentJobsDAO [http-nio-8090-exec-2] Jobs fetched:
2019-08-01 20:07:50,258 DEBUG com.dal.mycareer.DAO.Impl.StudentJobsDAO [http-nio-8090-exec-2] ID: 179
2019-08-01 20:07:50,259 DEBUG com.dal.mycareer.DAO.Impl.StudentJobsDAO [http-nio-8090-exec-2] ID: 180
2019-08-01 20:07:50,260 DEBUG com.dal.mycareer.DAO.Impl.StudentJobsDAO [http-nio-8090-exec-2] ID: 181
2019-08-01 20:07:50,262 DEBUG com.dal.mycareer.DAO.Impl.StudentJobsDAO [http-nio-8090-exec-2] StudentJobsDAO: getAllJobList method: Exit
2019-08-01 20:07:50,263 DEBUG com.dal.mycareer.DAO.Impl.StudentJobsDAO [http-nio-8090-exec-2] StudentJobsDAO: getAppliedJobList method: Entered
2019-08-01 20:07:50,976 DEBUG com.dal.mycareer.DAO.Impl.StudentJobsDAO [http-nio-8090-exec-2] Applied jobs fetched:
2019-08-01 20:07:50,978 DEBUG com.dal.mycareer.DAO.Impl.StudentJobsDAO [http-nio-8090-exec-2] ID: 19
2019-08-01 20:07:50,980 DEBUG com.dal.mycareer.DAO.Impl.StudentJobsDAO [http-nio-8090-exec-2] StudentJobsDAO: getAppliedJobList method: Exit
2019-08-01 20:07:50,981 DEBUG com.dal.mycareer.model.StudentModel [http-nio-8090-exec-2] StudentModel: fetchJobs method: Exit
2019-08-01 20:07:50,983 DEBUG com.dal.mycareer.controller.StudentController [http-nio-8090-exec-2] StudentController: loadStudentHome method: Exit
2019-08-01 20:07:54,649 DEBUG com.dal.mycareer.controller.StudentController [http-nio-8090-exec-10] StudentController: filterResults method: Entered
2019-08-01 20:07:54,650 INFO com.dal.mycareer.model.RoleModel [http-nio-8090-exec-10] Get base page : START
2019-08-01 20:07:54,650 INFO com.dal.mycareer.model.RoleModel [http-nio-8090-exec-10] Get base page : END
2019-08-01 20:07:54,651 DEBUG com.dal.mycareer.model.StudentModel [http-nio-8090-exec-10] JobsModel: filterJobList method: Entered
2019-08-01 20:07:54,652 DEBUG com.dal.mycareer.model.StudentModel [http-nio-8090-exec-10] JobsModel: filterJobList method: Exit
2019-08-01 20:07:54,652 DEBUG com.dal.mycareer.controller.StudentController [http-nio-8090-exec-10] StudentController: filterResults method: Exit
2019-08-01 20:08:08,453 DEBUG com.dal.mycareer.controller.StudentController [http-nio-8090-exec-4] StudentController: filterResults method: Entered
2019-08-01 20:08:08,455 INFO com.dal.mycareer.model.RoleModel [http-nio-8090-exec-4] Get base page : START
2019-08-01 20:08:08,456 INFO com.dal.mycareer.model.RoleModel [http-nio-8090-exec-4] Get base page : END
2019-08-01 20:08:08,457 DEBUG com.dal.mycareer.model.StudentModel [http-nio-8090-exec-4] JobsModel: filterJobList method: Entered
2019-08-01 20:08:08,458 DEBUG com.dal.mycareer.model.StudentModel [http-nio-8090-exec-4] JobsModel: filterJobList method: Exit
2019-08-01 20:08:08,459 DEBUG com.dal.mycareer.controller.StudentController [http-nio-8090-exec-4] StudentController: filterResults method: Exit
2019-08-01 20:08:16,136 DEBUG com.dal.mycareer.controller.StudentController [http-nio-8090-exec-6] StudentController: applyJob method: Entered
2019-08-01 20:08:16,138 DEBUG com.dal.mycareer.model.StudentApplicationModel [http-nio-8090-exec-6] StudentApplicationModel: checkApplicationExists method: Entered
2019-08-01 20:08:16,140 DEBUG com.dal.mycareer.DAO.Impl.StudentDetailsDAO [http-nio-8090-exec-6] StudentDetailsDAO: getStudentDetails method: Entered
2019-08-01 20:08:16,665 DEBUG com.dal.mycareer.DAO.Impl.StudentDetailsDAO [http-nio-8090-exec-6] Details for student with session name: hg@yopmail.com and ID: 38 successfully fetched
2019-08-01 20:08:16,667 DEBUG com.dal.mycareer.DAO.Impl.StudentDetailsDAO [http-nio-8090-exec-6] StudentDetailsDAO: getStudentDetails method: Exit
2019-08-01 20:08:16,667 DEBUG com.dal.mycareer.DAO.Impl.StudentApplicationDAO [http-nio-8090-exec-6] StudentApplicationDAO: checkApplicationExists method: Entered
2019-08-01 20:08:17,134 DEBUG com.dal.mycareer.DAO.Impl.StudentApplicationDAO [http-nio-8090-exec-6] Student with ID: 38 has not yet applied for job with ID: 180
2019-08-01 20:08:17,136 DEBUG com.dal.mycareer.DAO.Impl.StudentApplicationDAO [http-nio-8090-exec-6] StudentApplicationDAO: checkApplicationExists method: Exit
2019-08-01 20:08:17,138 DEBUG com.dal.mycareer.model.StudentApplicationModel [http-nio-8090-exec-6] StudentApplicationModel: checkApplicationExists method: Exit
2019-08-01 20:08:17,139 INFO com.dal.mycareer.model.RoleModel [http-nio-8090-exec-6] Get base page : START
2019-08-01 20:08:17,141 INFO com.dal.mycareer.model.RoleModel [http-nio-8090-exec-6] Get base page : END
2019-08-01 20:08:17,142 DEBUG com.dal.mycareer.controller.StudentController [http-nio-8090-exec-6] StudentController: applyJob method: Exit
2019-08-01 20:08:20,104 DEBUG com.dal.mycareer.controller.StudentController [http-nio-8090-exec-7] StudentController: applyJob method: Entered
2019-08-01 20:08:20,105 DEBUG com.dal.mycareer.model.StudentApplicationModel [http-nio-8090-exec-7] StudentApplicationModel: checkApplicationExists method: Entered
2019-08-01 20:08:20,106 DEBUG com.dal.mycareer.DAO.Impl.StudentDetailsDAO [http-nio-8090-exec-7] StudentDetailsDAO: getStudentDetails method: Entered
2019-08-01 20:08:20,446 DEBUG com.dal.mycareer.DAO.Impl.StudentDetailsDAO [http-nio-8090-exec-7] Details for student with session name: hg@yopmail.com and ID: 38 successfully fetched
2019-08-01 20:08:20,447 DEBUG com.dal.mycareer.DAO.Impl.StudentDetailsDAO [http-nio-8090-exec-7] StudentDetailsDAO: getStudentDetails method: Exit
2019-08-01 20:08:20,448 DEBUG com.dal.mycareer.DAO.Impl.StudentApplicationDAO [http-nio-8090-exec-7] StudentApplicationDAO: checkApplicationExists method: Entered
2019-08-01 20:08:20,772 DEBUG com.dal.mycareer.DAO.Impl.StudentApplicationDAO [http-nio-8090-exec-7] Student with ID: 38 has already applied for job with ID: 179
2019-08-01 20:08:20,775 DEBUG com.dal.mycareer.DAO.Impl.StudentApplicationDAO [http-nio-8090-exec-7] StudentApplicationDAO: checkApplicationExists method: Exit
2019-08-01 20:08:20,776 DEBUG com.dal.mycareer.model.StudentApplicationModel [http-nio-8090-exec-7] StudentApplicationModel: checkApplicationExists method: Exit
2019-08-01 20:08:20,777 INFO com.dal.mycareer.model.RoleModel [http-nio-8090-exec-7] Get base page : START
2019-08-01 20:08:20,778 INFO com.dal.mycareer.model.RoleModel [http-nio-8090-exec-7] Get base page : END
2019-08-01 20:08:20,779 DEBUG com.dal.mycareer.controller.StudentController [http-nio-8090-exec-7] StudentController: applyJob method: Exit
2019-08-01 20:08:27,367 DEBUG com.dal.mycareer.controller.StudentController [http-nio-8090-exec-9] StudentController: withdrawApplication method: Entered
2019-08-01 20:08:27,367 INFO com.dal.mycareer.model.RoleModel [http-nio-8090-exec-9] Get base page : START
2019-08-01 20:08:27,368 INFO com.dal.mycareer.model.RoleModel [http-nio-8090-exec-9] Get base page : END
2019-08-01 20:08:27,369 DEBUG com.dal.mycareer.model.StudentApplicationModel [http-nio-8090-exec-9] StudentApplicationModel: withdrawJobApplication method: Entered
2019-08-01 20:08:27,369 DEBUG com.dal.mycareer.DAO.Impl.StudentDetailsDAO [http-nio-8090-exec-9] StudentDetailsDAO: getStudentDetails method: Entered
2019-08-01 20:08:27,962 DEBUG com.dal.mycareer.DAO.Impl.StudentDetailsDAO [http-nio-8090-exec-9] Details for student with session name: hg@yopmail.com and ID: 38 successfully fetched
2019-08-01 20:08:27,963 DEBUG com.dal.mycareer.DAO.Impl.StudentDetailsDAO [http-nio-8090-exec-9] StudentDetailsDAO: getStudentDetails method: Exit
2019-08-01 20:08:27,964 DEBUG com.dal.mycareer.DAO.Impl.StudentApplicationDAO [http-nio-8090-exec-9] StudentApplicationDAO: withdrawJobApplication method: Entered
2019-08-01 20:08:28,523 DEBUG com.dal.mycareer.DAO.Impl.StudentApplicationDAO [http-nio-8090-exec-9] Withdrawn the application with ID: 19
2019-08-01 20:08:28,524 DEBUG com.dal.mycareer.DAO.Impl.StudentApplicationDAO [http-nio-8090-exec-9] StudentApplicationDAO: withdrawJobApplication method: Exit
2019-08-01 20:08:28,525 DEBUG com.dal.mycareer.DAO.Impl.StudentJobsDAO [http-nio-8090-exec-9] StudentJobsDAO: getAppliedJobList method: Entered
2019-08-01 20:08:29,035 DEBUG com.dal.mycareer.DAO.Impl.StudentJobsDAO [http-nio-8090-exec-9] Applied jobs fetched:
2019-08-01 20:08:29,037 DEBUG com.dal.mycareer.DAO.Impl.StudentJobsDAO [http-nio-8090-exec-9] StudentJobsDAO: getAppliedJobList method: Exit
2019-08-01 20:08:29,037 DEBUG com.dal.mycareer.model.StudentApplicationModel [http-nio-8090-exec-9] StudentApplicationModel: withdrawJobApplication method: Exit
2019-08-01 20:08:29,038 DEBUG com.dal.mycareer.controller.StudentController [http-nio-8090-exec-9] StudentController: withdrawApplication method: Exit
2019-08-01 20:10:50,604 INFO com.dal.mycareer.model.JobsModel [main] DL: updateJobStatus method started
2019-08-01 20:10:51,472 INFO com.dal.mycareer.model.JobsModel [main] DL: updateJobStatus method started
2019-08-01 20:10:51,990 DEBUG com.dal.mycareer.model.JobsModel [main] JobsModel: fetchJob method: Entered
2019-08-01 20:10:51,991 DEBUG com.dal.mycareer.model.JobsModel [main] JobsModel: fetchJob method: Exit
2019-08-01 20:10:52,327 DEBUG com.dal.mycareer.model.StudentJobsModel [main] StudentModel: fetchJobs method: Entered
2019-08-01 20:10:52,328 DEBUG com.dal.mycareer.model.StudentJobsModel [main] StudentModel: fetchJobs method: Exit
2019-08-01 20:10:52,330 DEBUG com.dal.mycareer.model.StudentJobsModel [main] StudentModel: filterStudentSpecificJobList method: Entered
2019-08-01 20:10:52,331 DEBUG com.dal.mycareer.model.StudentJobsModel [main] StudentModel: filterStudentSpecificJobList method: Exit
2019-08-01 20:10:52,346 INFO com.dal.mycareer.model.StudentProfileModel [main] Get student profile : START
2019-08-01 20:10:52,347 INFO com.dal.mycareer.model.StudentProfileModel [main] Get student profile : END
2019-08-01 20:10:52,368 DEBUG com.dal.mycareer.model.RecruiterRegistrationRequestModel [main] RecruiterRegistrationRequestModel: fetchRecruiterRequests method: Entered
2019-08-01 20:10:52,369 DEBUG com.dal.mycareer.model.RecruiterRegistrationRequestModel [main] RecruiterRegistrationRequestModel: fetchRecruiterRequests method: Exit
2019-08-01 20:10:52,395 DEBUG com.dal.mycareer.model.RecruiterRegistrationRequestModel [main] RecruiterRegistrationRequestModel: approveRecruiterRequest method: Entered
2019-08-01 20:10:52,396 DEBUG com.dal.mycareer.model.RecruiterRegistrationRequestModel [main] RecruiterRegistrationRequestModel: approveRecruiterRequest method: Exit
2019-08-01 20:10:52,410 DEBUG com.dal.mycareer.model.RecruiterRegistrationRequestModel [main] RecruiterRegistrationRequestModel: rejectRecruiterRequest method: Entered
2019-08-01 20:10:52,411 DEBUG com.dal.mycareer.model.RecruiterRegistrationRequestModel [main] Recruiter request is rejected.
2019-08-01 20:10:52,412 DEBUG com.dal.mycareer.model.RecruiterRegistrationRequestModel [main] RecruiterRegistrationRequestModel: rejectRecruiterRequest method: Exit
2019-08-01 20:10:52,431 DEBUG com.dal.mycareer.model.StudentApplicationModel [main] StudentApplicationModel: withdrawJobApplication method: Entered
2019-08-01 20:10:52,434 DEBUG com.dal.mycareer.model.StudentApplicationModel [main] Job application successfully withdrawn.
2019-08-01 20:10:52,435 DEBUG com.dal.mycareer.model.StudentApplicationModel [main] StudentApplicationModel: withdrawJobApplication method: Exit
2019-08-01 20:10:52,436 DEBUG com.dal.mycareer.model.StudentApplicationModelTest [main] Error during execution of StudentModelTest: testWithdrawApplication()
2019-08-01 20:10:52,459 DEBUG com.dal.mycareer.model.StudentApplicationModel [main] StudentApplicationModel: submitJobApplication method: Entered
2019-08-01 20:10:52,460 DEBUG com.dal.mycareer.model.StudentApplicationModel [main] Job application successful.
2019-08-01 20:10:52,460 DEBUG com.dal.mycareer.model.StudentApplicationModel [main] StudentApplicationModel: submitJobApplication method: Exit
2019-08-01 20:10:52,462 DEBUG com.dal.mycareer.model.StudentApplicationModel [main] StudentApplicationModel: checkApplicationExists method: Entered
2019-08-01 20:10:52,463 DEBUG com.dal.mycareer.model.StudentApplicationModel [main] StudentApplicationModel: checkApplicationExists method: Exit
2019-08-01 20:10:52,484 INFO com.dal.mycareer.model.RoleModel [main] Get base page : START
2019-08-01 20:10:52,486 INFO com.dal.mycareer.model.RoleModel [main] Get base page : END
2019-08-01 20:10:52,489 INFO com.dal.mycareer.model.EmployerJobsModel [main] BL: viewPostedJobDetails method started for jobId-1
2019-08-01 20:10:52,492 INFO com.dal.mycareer.model.EmployerJobsModel [main] BL: updateJobDetails method started for jobId-2
2019-08-01 20:10:52,493 INFO com.dal.mycareer.model.EmployerJobsModel [main] BL: viewPostedJobDetails method started for jobId-2
2019-08-01 20:10:52,494 INFO com.dal.mycareer.model.EmployerJobsModel [main] BL: getActiveJobs method started for user-Steve
2019-08-01 20:10:52,495 INFO com.dal.mycareer.model.EmployerJobsModel [main] BL: getClosedJobs method started for user-Michael
2019-08-01 20:10:52,496 INFO com.dal.mycareer.model.EmployerJobsModel [main] BL: InsertJobDetails method started for user-Steve Balmer
2019-08-01 20:10:54,841 INFO com.dal.mycareer.controller.RequestController [http-nio-8090-exec-10] Routed to Homepage
2019-08-01 20:10:54,842 INFO com.dal.mycareer.model.RoleModel [http-nio-8090-exec-10] Get base page : START
2019-08-01 20:10:54,843 INFO com.dal.mycareer.model.RoleModel [http-nio-8090-exec-10] Get base page : END
2019-08-01 20:10:54,852 DEBUG com.dal.mycareer.controller.StudentController [http-nio-8090-exec-3] StudentController: loadStudentHome method: Entered
2019-08-01 20:10:54,853 INFO com.dal.mycareer.model.RoleModel [http-nio-8090-exec-3] Get base page : START
2019-08-01 20:10:54,853 INFO com.dal.mycareer.model.RoleModel [http-nio-8090-exec-3] Get base page : END
2019-08-01 20:10:54,854 DEBUG com.dal.mycareer.model.StudentModel [http-nio-8090-exec-3] StudentModel: fetchJobs method: Entered
2019-08-01 20:10:54,855 DEBUG com.dal.mycareer.DAO.Impl.StudentDetailsDAO [http-nio-8090-exec-3] StudentDetailsDAO: getStudentDetails method: Entered
2019-08-01 20:10:55,156 DEBUG com.dal.mycareer.DAO.Impl.StudentDetailsDAO [http-nio-8090-exec-3] Details for student with session name: hg@yopmail.com and ID: 38 successfully fetched
2019-08-01 20:10:55,157 DEBUG com.dal.mycareer.DAO.Impl.StudentDetailsDAO [http-nio-8090-exec-3] StudentDetailsDAO: getStudentDetails method: Exit
2019-08-01 20:10:55,157 DEBUG com.dal.mycareer.DAO.Impl.StudentJobsDAO [http-nio-8090-exec-3] StudentJobsDAO: getAllJobList method: Entered
2019-08-01 20:10:55,441 DEBUG com.dal.mycareer.DAO.Impl.StudentJobsDAO [http-nio-8090-exec-3] Jobs fetched:
2019-08-01 20:10:55,442 DEBUG com.dal.mycareer.DAO.Impl.StudentJobsDAO [http-nio-8090-exec-3] ID: 179
2019-08-01 20:10:55,442 DEBUG com.dal.mycareer.DAO.Impl.StudentJobsDAO [http-nio-8090-exec-3] ID: 180
2019-08-01 20:10:55,443 DEBUG com.dal.mycareer.DAO.Impl.StudentJobsDAO [http-nio-8090-exec-3] ID: 181
2019-08-01 20:10:55,444 DEBUG com.dal.mycareer.DAO.Impl.StudentJobsDAO [http-nio-8090-exec-3] StudentJobsDAO: getAllJobList method: Exit
2019-08-01 20:10:55,444 DEBUG com.dal.mycareer.DAO.Impl.StudentJobsDAO [http-nio-8090-exec-3] StudentJobsDAO: getAppliedJobList method: Entered
2019-08-01 20:10:55,736 DEBUG com.dal.mycareer.DAO.Impl.StudentJobsDAO [http-nio-8090-exec-3] Applied jobs fetched:
2019-08-01 20:10:55,737 DEBUG com.dal.mycareer.DAO.Impl.StudentJobsDAO [http-nio-8090-exec-3] StudentJobsDAO: getAppliedJobList method: Exit
2019-08-01 20:10:55,738 DEBUG com.dal.mycareer.model.StudentModel [http-nio-8090-exec-3] StudentModel: fetchJobs method: Exit
2019-08-01 20:10:55,738 DEBUG com.dal.mycareer.controller.StudentController [http-nio-8090-exec-3] StudentController: loadStudentHome method: Exit
2019-08-01 20:10:59,918 INFO com.dal.mycareer.controller.RequestController [http-nio-8090-exec-4] Routed to Logout
2019-08-01 20:10:59,918 INFO com.dal.mycareer.model.RoleModel [http-nio-8090-exec-4] Get base page : START
2019-08-01 20:10:59,919 INFO com.dal.mycareer.model.RoleModel [http-nio-8090-exec-4] Get base page : END
2019-08-01 20:10:59,919 INFO com.dal.mycareer.controller.RequestController [http-nio-8090-exec-4] Session Invalidated and Logged out
2019-08-01 20:11:01,544 INFO com.dal.mycareer.controller.RequestController [http-nio-8090-exec-5] Routed to Homepage
2019-08-01 20:11:01,545 INFO com.dal.mycareer.model.RoleModel [http-nio-8090-exec-5] Get base page : START
2019-08-01 20:11:01,546 INFO com.dal.mycareer.model.RoleModel [http-nio-8090-exec-5] Get base page : END
2019-08-01 20:11:03,971 INFO com.dal.mycareer.controller.LoginController [http-nio-8090-exec-6] Login request : Start
2019-08-01 20:11:03,972 INFO com.dal.mycareer.model.LoginModel [http-nio-8090-exec-6] Verify Login : START
2019-08-01 20:11:04,305 DEBUG com.dal.mycareer.model.LoginModel [http-nio-8090-exec-6] hg@yopmail.com is loggedIn as Student
2019-08-01 20:11:04,306 INFO com.dal.mycareer.model.LoginModel [http-nio-8090-exec-6] Verify Login : END
2019-08-01 20:11:04,308 INFO com.dal.mycareer.controller.LoginController [http-nio-8090-exec-6] Login request : END
2019-08-01 20:11:04,325 DEBUG com.dal.mycareer.controller.StudentController [http-nio-8090-exec-7] StudentController: loadStudentHome method: Entered
2019-08-01 20:11:04,326 INFO com.dal.mycareer.model.RoleModel [http-nio-8090-exec-7] Get base page : START
2019-08-01 20:11:04,328 INFO com.dal.mycareer.model.RoleModel [http-nio-8090-exec-7] Get base page : END
2019-08-01 20:11:04,328 DEBUG com.dal.mycareer.model.StudentModel [http-nio-8090-exec-7] StudentModel: fetchJobs method: Entered
2019-08-01 20:11:04,329 DEBUG com.dal.mycareer.DAO.Impl.StudentDetailsDAO [http-nio-8090-exec-7] StudentDetailsDAO: getStudentDetails method: Entered
2019-08-01 20:11:04,612 DEBUG com.dal.mycareer.DAO.Impl.StudentDetailsDAO [http-nio-8090-exec-7] Details for student with session name: hg@yopmail.com and ID: 38 successfully fetched
2019-08-01 20:11:04,614 DEBUG com.dal.mycareer.DAO.Impl.StudentDetailsDAO [http-nio-8090-exec-7] StudentDetailsDAO: getStudentDetails method: Exit
2019-08-01 20:11:04,616 DEBUG com.dal.mycareer.DAO.Impl.StudentJobsDAO [http-nio-8090-exec-7] StudentJobsDAO: getAllJobList method: Entered
2019-08-01 20:11:04,945 DEBUG com.dal.mycareer.DAO.Impl.StudentJobsDAO [http-nio-8090-exec-7] Jobs fetched:
2019-08-01 20:11:04,946 DEBUG com.dal.mycareer.DAO.Impl.StudentJobsDAO [http-nio-8090-exec-7] ID: 179
2019-08-01 20:11:04,948 DEBUG com.dal.mycareer.DAO.Impl.StudentJobsDAO [http-nio-8090-exec-7] ID: 180
2019-08-01 20:11:04,950 DEBUG com.dal.mycareer.DAO.Impl.StudentJobsDAO [http-nio-8090-exec-7] ID: 181
2019-08-01 20:11:04,953 DEBUG com.dal.mycareer.DAO.Impl.StudentJobsDAO [http-nio-8090-exec-7] StudentJobsDAO: getAllJobList method: Exit
2019-08-01 20:11:04,954 DEBUG com.dal.mycareer.DAO.Impl.StudentJobsDAO [http-nio-8090-exec-7] StudentJobsDAO: getAppliedJobList method: Entered
2019-08-01 20:11:05,308 DEBUG com.dal.mycareer.DAO.Impl.StudentJobsDAO [http-nio-8090-exec-7] Applied jobs fetched:
2019-08-01 20:11:05,310 DEBUG com.dal.mycareer.DAO.Impl.StudentJobsDAO [http-nio-8090-exec-7] StudentJobsDAO: getAppliedJobList method: Exit
2019-08-01 20:11:05,312 DEBUG com.dal.mycareer.model.StudentModel [http-nio-8090-exec-7] StudentModel: fetchJobs method: Exit
2019-08-01 20:11:05,314 DEBUG com.dal.mycareer.controller.StudentController [http-nio-8090-exec-7] StudentController: loadStudentHome method: Exit
2019-08-01 20:11:07,728 DEBUG com.dal.mycareer.controller.StudentController [http-nio-8090-exec-9] StudentController: applyJob method: Entered
2019-08-01 20:11:07,733 DEBUG com.dal.mycareer.model.StudentApplicationModel [http-nio-8090-exec-9] StudentApplicationModel: checkApplicationExists method: Entered
2019-08-01 20:11:07,734 DEBUG com.dal.mycareer.DAO.Impl.StudentDetailsDAO [http-nio-8090-exec-9] StudentDetailsDAO: getStudentDetails method: Entered
2019-08-01 20:11:08,036 DEBUG com.dal.mycareer.DAO.Impl.StudentDetailsDAO [http-nio-8090-exec-9] Details for student with session name: hg@yopmail.com and ID: 38 successfully fetched
2019-08-01 20:11:08,037 DEBUG com.dal.mycareer.DAO.Impl.StudentDetailsDAO [http-nio-8090-exec-9] StudentDetailsDAO: getStudentDetails method: Exit
2019-08-01 20:11:08,038 DEBUG com.dal.mycareer.DAO.Impl.StudentApplicationDAO [http-nio-8090-exec-9] StudentApplicationDAO: checkApplicationExists method: Entered
2019-08-01 20:11:08,436 DEBUG com.dal.mycareer.DAO.Impl.StudentApplicationDAO [http-nio-8090-exec-9] Student with ID: 38 has not yet applied for job with ID: 179
2019-08-01 20:11:08,439 DEBUG com.dal.mycareer.DAO.Impl.StudentApplicationDAO [http-nio-8090-exec-9] StudentApplicationDAO: checkApplicationExists method: Exit
2019-08-01 20:11:08,441 DEBUG com.dal.mycareer.model.StudentApplicationModel [http-nio-8090-exec-9] StudentApplicationModel: checkApplicationExists method: Exit
2019-08-01 20:11:08,442 INFO com.dal.mycareer.model.RoleModel [http-nio-8090-exec-9] Get base page : START
2019-08-01 20:11:08,443 INFO com.dal.mycareer.model.RoleModel [http-nio-8090-exec-9] Get base page : END
2019-08-01 20:11:08,445 DEBUG com.dal.mycareer.controller.StudentController [http-nio-8090-exec-9] StudentController: applyJob method: Exit
2019-08-01 20:11:13,313 DEBUG com.dal.mycareer.controller.StudentController [http-nio-8090-exec-1] StudentController: upload method: Entered
2019-08-01 20:11:13,314 INFO com.dal.mycareer.model.RoleModel [http-nio-8090-exec-1] Get base page : START
2019-08-01 20:11:13,314 INFO com.dal.mycareer.model.RoleModel [http-nio-8090-exec-1] Get base page : END
2019-08-01 20:11:13,315 DEBUG com.dal.mycareer.model.StudentApplicationModel [http-nio-8090-exec-1] StudentApplicationModel: submitJobApplication method: Entered
2019-08-01 20:11:13,315 DEBUG com.dal.mycareer.DAO.Impl.StudentDetailsDAO [http-nio-8090-exec-1] StudentDetailsDAO: getStudentDetails method: Entered
2019-08-01 20:11:13,958 DEBUG com.dal.mycareer.DAO.Impl.StudentDetailsDAO [http-nio-8090-exec-1] Details for student with session name: hg@yopmail.com and ID: 38 successfully fetched
2019-08-01 20:11:13,959 DEBUG com.dal.mycareer.DAO.Impl.StudentDetailsDAO [http-nio-8090-exec-1] StudentDetailsDAO: getStudentDetails method: Exit
2019-08-01 20:11:13,959 DEBUG com.dal.mycareer.DAO.Impl.StudentApplicationDAO [http-nio-8090-exec-1] StudentApplicationDAO: submitJobApplication method: Entered
2019-08-01 20:11:15,060 DEBUG com.dal.mycareer.DAO.Impl.StudentApplicationDAO [http-nio-8090-exec-1] Student with ID: 38 has successfully applied for job with ID: 179 has been approved
2019-08-01 20:11:15,061 DEBUG com.dal.mycareer.DAO.Impl.StudentApplicationDAO [http-nio-8090-exec-1] StudentApplicationDAO: submitJobApplication method: Exit
2019-08-01 20:11:15,061 DEBUG com.dal.mycareer.DAO.Impl.StudentJobsDAO [http-nio-8090-exec-1] StudentJobsDAO: getAppliedJobList method: Entered
2019-08-01 20:11:16,100 DEBUG com.dal.mycareer.DAO.Impl.StudentJobsDAO [http-nio-8090-exec-1] Applied jobs fetched:
2019-08-01 20:11:16,103 DEBUG com.dal.mycareer.DAO.Impl.StudentJobsDAO [http-nio-8090-exec-1] ID: 20
2019-08-01 20:11:16,105 DEBUG com.dal.mycareer.DAO.Impl.StudentJobsDAO [http-nio-8090-exec-1] StudentJobsDAO: getAppliedJobList method: Exit
2019-08-01 20:11:16,106 DEBUG com.dal.mycareer.model.StudentApplicationModel [http-nio-8090-exec-1] Job application successful.
2019-08-01 20:11:16,108 DEBUG com.dal.mycareer.model.StudentApplicationModel [http-nio-8090-exec-1] StudentApplicationModel: submitJobApplication method: Exit
2019-08-01 20:11:16,110 DEBUG com.dal.mycareer.controller.StudentController [http-nio-8090-exec-1] StudentController: upload method: Exit
2019-08-01 20:11:23,463 DEBUG com.dal.mycareer.controller.StudentController [http-nio-8090-exec-10] StudentController: applyJob method: Entered
2019-08-01 20:11:23,465 DEBUG com.dal.mycareer.model.StudentApplicationModel [http-nio-8090-exec-10] StudentApplicationModel: checkApplicationExists method: Entered
2019-08-01 20:11:23,467 DEBUG com.dal.mycareer.DAO.Impl.StudentDetailsDAO [http-nio-8090-exec-10] StudentDetailsDAO: getStudentDetails method: Entered
2019-08-01 20:11:23,767 DEBUG com.dal.mycareer.DAO.Impl.StudentDetailsDAO [http-nio-8090-exec-10] Details for student with session name: hg@yopmail.com and ID: 38 successfully fetched
2019-08-01 20:11:23,769 DEBUG com.dal.mycareer.DAO.Impl.StudentDetailsDAO [http-nio-8090-exec-10] StudentDetailsDAO: getStudentDetails method: Exit
2019-08-01 20:11:23,770 DEBUG com.dal.mycareer.DAO.Impl.StudentApplicationDAO [http-nio-8090-exec-10] StudentApplicationDAO: checkApplicationExists method: Entered
2019-08-01 20:11:24,092 DEBUG com.dal.mycareer.DAO.Impl.StudentApplicationDAO [http-nio-8090-exec-10] Student with ID: 38 has already applied for job with ID: 179
2019-08-01 20:11:24,093 DEBUG com.dal.mycareer.DAO.Impl.StudentApplicationDAO [http-nio-8090-exec-10] StudentApplicationDAO: checkApplicationExists method: Exit
2019-08-01 20:11:24,094 DEBUG com.dal.mycareer.model.StudentApplicationModel [http-nio-8090-exec-10] StudentApplicationModel: checkApplicationExists method: Exit
2019-08-01 20:11:24,094 INFO com.dal.mycareer.model.RoleModel [http-nio-8090-exec-10] Get base page : START
2019-08-01 20:11:24,095 INFO com.dal.mycareer.model.RoleModel [http-nio-8090-exec-10] Get base page : END
2019-08-01 20:11:24,096 DEBUG com.dal.mycareer.controller.StudentController [http-nio-8090-exec-10] StudentController: applyJob method: Exit
2019-08-01 20:11:31,315 DEBUG com.dal.mycareer.controller.StudentController [http-nio-8090-exec-3] StudentController: loadStudentHome method: Entered
2019-08-01 20:11:31,316 INFO com.dal.mycareer.model.RoleModel [http-nio-8090-exec-3] Get base page : START
2019-08-01 20:11:31,316 INFO com.dal.mycareer.model.RoleModel [http-nio-8090-exec-3] Get base page : END
2019-08-01 20:11:31,317 DEBUG com.dal.mycareer.model.StudentModel [http-nio-8090-exec-3] StudentModel: fetchJobs method: Entered
2019-08-01 20:11:31,318 DEBUG com.dal.mycareer.DAO.Impl.StudentDetailsDAO [http-nio-8090-exec-3] StudentDetailsDAO: getStudentDetails method: Entered
2019-08-01 20:11:31,868 DEBUG com.dal.mycareer.DAO.Impl.StudentDetailsDAO [http-nio-8090-exec-3] Details for student with session name: hg@yopmail.com and ID: 38 successfully fetched
2019-08-01 20:11:31,870 DEBUG com.dal.mycareer.DAO.Impl.StudentDetailsDAO [http-nio-8090-exec-3] StudentDetailsDAO: getStudentDetails method: Exit
2019-08-01 20:11:31,871 DEBUG com.dal.mycareer.DAO.Impl.StudentJobsDAO [http-nio-8090-exec-3] StudentJobsDAO: getAllJobList method: Entered
2019-08-01 20:11:32,297 DEBUG com.dal.mycareer.DAO.Impl.StudentJobsDAO [http-nio-8090-exec-3] Jobs fetched:
2019-08-01 20:11:32,297 DEBUG com.dal.mycareer.DAO.Impl.StudentJobsDAO [http-nio-8090-exec-3] ID: 179
2019-08-01 20:11:32,299 DEBUG com.dal.mycareer.DAO.Impl.StudentJobsDAO [http-nio-8090-exec-3] ID: 180
2019-08-01 20:11:32,300 DEBUG com.dal.mycareer.DAO.Impl.StudentJobsDAO [http-nio-8090-exec-3] ID: 181
2019-08-01 20:11:32,302 DEBUG com.dal.mycareer.DAO.Impl.StudentJobsDAO [http-nio-8090-exec-3] StudentJobsDAO: getAllJobList method: Exit
2019-08-01 20:11:32,303 DEBUG com.dal.mycareer.DAO.Impl.StudentJobsDAO [http-nio-8090-exec-3] StudentJobsDAO: getAppliedJobList method: Entered
2019-08-01 20:11:33,199 DEBUG com.dal.mycareer.DAO.Impl.StudentJobsDAO [http-nio-8090-exec-3] Applied jobs fetched:
2019-08-01 20:11:33,201 DEBUG com.dal.mycareer.DAO.Impl.StudentJobsDAO [http-nio-8090-exec-3] ID: 20
2019-08-01 20:11:33,203 DEBUG com.dal.mycareer.DAO.Impl.StudentJobsDAO [http-nio-8090-exec-3] StudentJobsDAO: getAppliedJobList method: Exit
2019-08-01 20:11:33,205 DEBUG com.dal.mycareer.model.StudentModel [http-nio-8090-exec-3] StudentModel: fetchJobs method: Exit
2019-08-01 20:11:33,206 DEBUG com.dal.mycareer.controller.StudentController [http-nio-8090-exec-3] StudentController: loadStudentHome method: Exit
2019-08-01 20:11:40,199 DEBUG com.dal.mycareer.controller.StudentController [http-nio-8090-exec-5] StudentController: withdrawApplication method: Entered
2019-08-01 20:11:40,200 INFO com.dal.mycareer.model.RoleModel [http-nio-8090-exec-5] Get base page : START
2019-08-01 20:11:40,201 INFO com.dal.mycareer.model.RoleModel [http-nio-8090-exec-5] Get base page : END
2019-08-01 20:11:40,202 DEBUG com.dal.mycareer.model.StudentApplicationModel [http-nio-8090-exec-5] StudentApplicationModel: withdrawJobApplication method: Entered
2019-08-01 20:11:40,203 DEBUG com.dal.mycareer.DAO.Impl.StudentDetailsDAO [http-nio-8090-exec-5] StudentDetailsDAO: getStudentDetails method: Entered
2019-08-01 20:11:40,501 DEBUG com.dal.mycareer.DAO.Impl.StudentDetailsDAO [http-nio-8090-exec-5] Details for student with session name: hg@yopmail.com and ID: 38 successfully fetched
2019-08-01 20:11:40,502 DEBUG com.dal.mycareer.DAO.Impl.StudentDetailsDAO [http-nio-8090-exec-5] StudentDetailsDAO: getStudentDetails method: Exit
2019-08-01 20:11:40,503 DEBUG com.dal.mycareer.DAO.Impl.StudentApplicationDAO [http-nio-8090-exec-5] StudentApplicationDAO: withdrawJobApplication method: Entered
2019-08-01 20:11:40,884 DEBUG com.dal.mycareer.DAO.Impl.StudentApplicationDAO [http-nio-8090-exec-5] Withdrawn the application with ID: 20
2019-08-01 20:11:40,885 DEBUG com.dal.mycareer.DAO.Impl.StudentApplicationDAO [http-nio-8090-exec-5] StudentApplicationDAO: withdrawJobApplication method: Exit
2019-08-01 20:11:40,886 DEBUG com.dal.mycareer.DAO.Impl.StudentJobsDAO [http-nio-8090-exec-5] StudentJobsDAO: getAppliedJobList method: Entered
2019-08-01 20:11:41,211 DEBUG com.dal.mycareer.DAO.Impl.StudentJobsDAO [http-nio-8090-exec-5] Applied jobs fetched:
2019-08-01 20:11:41,212 DEBUG com.dal.mycareer.DAO.Impl.StudentJobsDAO [http-nio-8090-exec-5] StudentJobsDAO: getAppliedJobList method: Exit
2019-08-01 20:11:41,213 DEBUG com.dal.mycareer.model.StudentApplicationModel [http-nio-8090-exec-5] StudentApplicationModel: withdrawJobApplication method: Exit
2019-08-01 20:11:41,214 DEBUG com.dal.mycareer.controller.StudentController [http-nio-8090-exec-5] StudentController: withdrawApplication method: Exit
2019-08-01 20:11:47,682 DEBUG com.dal.mycareer.controller.StudentController [http-nio-8090-exec-6] StudentController: loadStudentHome method: Entered
2019-08-01 20:11:47,683 INFO com.dal.mycareer.model.RoleModel [http-nio-8090-exec-6] Get base page : START
2019-08-01 20:11:47,685 INFO com.dal.mycareer.model.RoleModel [http-nio-8090-exec-6] Get base page : END
2019-08-01 20:11:47,685 DEBUG com.dal.mycareer.model.StudentModel [http-nio-8090-exec-6] StudentModel: fetchJobs method: Entered
2019-08-01 20:11:47,686 DEBUG com.dal.mycareer.DAO.Impl.StudentDetailsDAO [http-nio-8090-exec-6] StudentDetailsDAO: getStudentDetails method: Entered
2019-08-01 20:11:48,474 DEBUG com.dal.mycareer.DAO.Impl.StudentDetailsDAO [http-nio-8090-exec-6] Details for student with session name: hg@yopmail.com and ID: 38 successfully fetched
2019-08-01 20:11:48,476 DEBUG com.dal.mycareer.DAO.Impl.StudentDetailsDAO [http-nio-8090-exec-6] StudentDetailsDAO: getStudentDetails method: Exit
2019-08-01 20:11:48,477 DEBUG com.dal.mycareer.DAO.Impl.StudentJobsDAO [http-nio-8090-exec-6] StudentJobsDAO: getAllJobList method: Entered
2019-08-01 20:11:48,866 DEBUG com.dal.mycareer.DAO.Impl.StudentJobsDAO [http-nio-8090-exec-6] Jobs fetched:
2019-08-01 20:11:48,868 DEBUG com.dal.mycareer.DAO.Impl.StudentJobsDAO [http-nio-8090-exec-6] ID: 179
2019-08-01 20:11:48,869 DEBUG com.dal.mycareer.DAO.Impl.StudentJobsDAO [http-nio-8090-exec-6] ID: 180
2019-08-01 20:11:48,870 DEBUG com.dal.mycareer.DAO.Impl.StudentJobsDAO [http-nio-8090-exec-6] ID: 181
2019-08-01 20:11:48,872 DEBUG com.dal.mycareer.DAO.Impl.StudentJobsDAO [http-nio-8090-exec-6] StudentJobsDAO: getAllJobList method: Exit
2019-08-01 20:11:48,873 DEBUG com.dal.mycareer.DAO.Impl.StudentJobsDAO [http-nio-8090-exec-6] StudentJobsDAO: getAppliedJobList method: Entered
2019-08-01 20:11:49,208 DEBUG com.dal.mycareer.DAO.Impl.StudentJobsDAO [http-nio-8090-exec-6] Applied jobs fetched:
2019-08-01 20:11:49,210 DEBUG com.dal.mycareer.DAO.Impl.StudentJobsDAO [http-nio-8090-exec-6] StudentJobsDAO: getAppliedJobList method: Exit
2019-08-01 20:11:49,212 DEBUG com.dal.mycareer.model.StudentModel [http-nio-8090-exec-6] StudentModel: fetchJobs method: Exit
2019-08-01 20:11:49,213 DEBUG com.dal.mycareer.controller.StudentController [http-nio-8090-exec-6] StudentController: loadStudentHome method: Exit
2019-08-01 20:53:23,107 INFO com.dal.mycareer.model.JobsModel [main] DL: updateJobStatus method started
2019-08-01 20:53:27,009 INFO com.dal.mycareer.model.JobsModel [main] DL: updateJobStatus method started
2019-08-01 20:53:28,813 DEBUG com.dal.mycareer.model.JobsModel [main] JobsModel: fetchJob method: Entered
2019-08-01 20:53:28,814 DEBUG com.dal.mycareer.model.JobsModel [main] JobsModel: fetchJob method: Exit
2019-08-01 20:53:29,043 DEBUG com.dal.mycareer.model.StudentJobsModel [main] StudentModel: fetchJobs method: Entered
2019-08-01 20:53:29,044 DEBUG com.dal.mycareer.model.StudentJobsModel [main] StudentModel: fetchJobs method: Exit
2019-08-01 20:53:29,045 DEBUG com.dal.mycareer.model.StudentJobsModel [main] StudentModel: filterStudentSpecificJobList method: Entered
2019-08-01 20:53:29,045 DEBUG com.dal.mycareer.model.StudentJobsModel [main] StudentModel: filterStudentSpecificJobList method: Exit
2019-08-01 20:53:29,059 INFO com.dal.mycareer.model.StudentProfileModel [main] Get student profile : START
2019-08-01 20:53:29,060 INFO com.dal.mycareer.model.StudentProfileModel [main] Get student profile : END
2019-08-01 20:53:29,080 DEBUG com.dal.mycareer.model.RecruiterRegistrationRequestModel [main] RecruiterRegistrationRequestModel: fetchRecruiterRequests method: Entered
2019-08-01 20:53:29,082 DEBUG com.dal.mycareer.model.RecruiterRegistrationRequestModel [main] RecruiterRegistrationRequestModel: fetchRecruiterRequests method: Exit
2019-08-01 20:53:29,104 DEBUG com.dal.mycareer.model.RecruiterRegistrationRequestModel [main] RecruiterRegistrationRequestModel: approveRecruiterRequest method: Entered
2019-08-01 20:53:29,104 DEBUG com.dal.mycareer.model.RecruiterRegistrationRequestModel [main] RecruiterRegistrationRequestModel: approveRecruiterRequest method: Exit
2019-08-01 20:53:29,114 DEBUG com.dal.mycareer.model.RecruiterRegistrationRequestModel [main] RecruiterRegistrationRequestModel: rejectRecruiterRequest method: Entered
2019-08-01 20:53:29,115 DEBUG com.dal.mycareer.model.RecruiterRegistrationRequestModel [main] Recruiter request is rejected.
2019-08-01 20:53:29,115 DEBUG com.dal.mycareer.model.RecruiterRegistrationRequestModel [main] RecruiterRegistrationRequestModel: rejectRecruiterRequest method: Exit
2019-08-01 20:53:29,131 DEBUG com.dal.mycareer.model.StudentApplicationModel [main] StudentApplicationModel: withdrawJobApplication method: Entered
2019-08-01 20:53:29,132 DEBUG com.dal.mycareer.model.StudentApplicationModel [main] Job application successfully withdrawn.
2019-08-01 20:53:29,132 DEBUG com.dal.mycareer.model.StudentApplicationModel [main] StudentApplicationModel: withdrawJobApplication method: Exit
2019-08-01 20:53:29,152 DEBUG com.dal.mycareer.model.StudentApplicationModel [main] StudentApplicationModel: submitJobApplication method: Entered
2019-08-01 20:53:29,154 DEBUG com.dal.mycareer.model.StudentApplicationModel [main] Job application successful.
2019-08-01 20:53:29,154 DEBUG com.dal.mycareer.model.StudentApplicationModel [main] StudentApplicationModel: submitJobApplication method: Exit
2019-08-01 20:53:29,155 DEBUG com.dal.mycareer.model.StudentApplicationModel [main] StudentApplicationModel: checkApplicationExists method: Entered
2019-08-01 20:53:29,156 DEBUG com.dal.mycareer.model.StudentApplicationModel [main] StudentApplicationModel: checkApplicationExists method: Exit
2019-08-01 20:53:29,172 INFO com.dal.mycareer.model.RoleModel [main] Get base page : START
2019-08-01 20:53:29,173 INFO com.dal.mycareer.model.RoleModel [main] Get base page : END
2019-08-01 20:53:29,176 INFO com.dal.mycareer.model.EmployerJobsModel [main] BL: viewPostedJobDetails method started for jobId-1
2019-08-01 20:53:29,179 INFO com.dal.mycareer.model.EmployerJobsModel [main] BL: updateJobDetails method started for jobId-2
2019-08-01 20:53:29,181 INFO com.dal.mycareer.model.EmployerJobsModel [main] BL: viewPostedJobDetails method started for jobId-2
2019-08-01 20:53:29,182 INFO com.dal.mycareer.model.EmployerJobsModel [main] BL: getActiveJobs method started for user-Steve
2019-08-01 20:53:29,183 INFO com.dal.mycareer.model.EmployerJobsModel [main] BL: getClosedJobs method started for user-Michael
2019-08-01 20:53:29,183 INFO com.dal.mycareer.model.EmployerJobsModel [main] BL: InsertJobDetails method started for user-Steve Balmer
2019-08-01 21:18:07,835 INFO com.dal.mycareer.controller.RequestController [http-nio-8090-exec-1] Routed to Homepage
2019-08-01 21:18:07,838 INFO com.dal.mycareer.model.RoleModel [http-nio-8090-exec-1] Get base page : START
2019-08-01 21:18:07,841 INFO com.dal.mycareer.model.RoleModel [http-nio-8090-exec-1] Get base page : END
2019-08-01 21:20:28,784 INFO com.dal.mycareer.controller.LoginController [http-nio-8090-exec-5] Login request : Start
2019-08-01 21:20:28,804 INFO com.dal.mycareer.model.LoginModel [http-nio-8090-exec-5] Verify Login : START
2019-08-01 21:20:29,402 DEBUG com.dal.mycareer.model.LoginModel [http-nio-8090-exec-5] hg@yopmail.com is loggedIn as Student
2019-08-01 21:20:29,402 INFO com.dal.mycareer.model.LoginModel [http-nio-8090-exec-5] Verify Login : END
2019-08-01 21:20:29,403 INFO com.dal.mycareer.controller.LoginController [http-nio-8090-exec-5] Login request : END
2019-08-01 21:20:29,420 DEBUG com.dal.mycareer.controller.StudentJobsController [http-nio-8090-exec-6] StudentJobsController: fetchAllStudentJobs method: Entered
2019-08-01 21:20:29,420 INFO com.dal.mycareer.model.RoleModel [http-nio-8090-exec-6] Get base page : START
2019-08-01 21:20:29,421 INFO com.dal.mycareer.model.RoleModel [http-nio-8090-exec-6] Get base page : END
2019-08-01 21:20:29,421 DEBUG com.dal.mycareer.model.StudentJobsModel [http-nio-8090-exec-6] StudentModel: fetchJobs method: Entered
2019-08-01 21:20:29,422 DEBUG com.dal.mycareer.DAO.Impl.StudentDetailsDAO [http-nio-8090-exec-6] StudentDetailsDAO: getStudentDetails method: Entered
2019-08-01 21:20:29,715 DEBUG com.dal.mycareer.DAO.Impl.StudentDetailsDAO [http-nio-8090-exec-6] Details for student with session name: hg@yopmail.com and ID: 38 successfully fetched
2019-08-01 21:20:29,716 DEBUG com.dal.mycareer.DAO.Impl.StudentDetailsDAO [http-nio-8090-exec-6] StudentDetailsDAO: getStudentDetails method: Exit
2019-08-01 21:20:29,716 DEBUG com.dal.mycareer.DAO.Impl.StudentJobsDAO [http-nio-8090-exec-6] StudentJobsDAO: getAllJobList method: Entered
2019-08-01 21:20:29,927 ERROR com.dal.mycareer.DAO.Impl.StudentJobsDAO [http-nio-8090-exec-6] SQLException Occurred in StudentJobsDAO: getAllJobList method:Parameter index out of range (1 > number of parameters, which is 0).
2019-08-01 21:20:29,927 DEBUG com.dal.mycareer.DAO.Impl.StudentJobsDAO [http-nio-8090-exec-6] StudentJobsDAO: getAllJobList method: Exit
2019-08-01 21:20:29,927 DEBUG com.dal.mycareer.controller.GlobalExceptionController [http-nio-8090-exec-6] GlobalExceptionController: catchException method: Entered
2019-08-01 21:20:29,929 DEBUG com.dal.mycareer.controller.GlobalExceptionController [http-nio-8090-exec-6] Redirecting to Exception page
2019-08-01 21:20:39,269 INFO com.dal.mycareer.controller.RequestController [http-nio-8090-exec-8] Routed to Logout
2019-08-01 21:20:39,272 INFO com.dal.mycareer.model.RoleModel [http-nio-8090-exec-8] Get base page : START
2019-08-01 21:20:39,274 INFO com.dal.mycareer.model.RoleModel [http-nio-8090-exec-8] Get base page : END
2019-08-01 21:20:39,275 INFO com.dal.mycareer.controller.RequestController [http-nio-8090-exec-8] Session Invalidated and Logged out
2019-08-01 21:20:43,150 INFO com.dal.mycareer.controller.RequestController [http-nio-8090-exec-1] Routed to Homepage
2019-08-01 21:20:43,151 INFO com.dal.mycareer.model.RoleModel [http-nio-8090-exec-1] Get base page : START
2019-08-01 21:20:43,153 INFO com.dal.mycareer.model.RoleModel [http-nio-8090-exec-1] Get base page : END
2019-08-01 21:21:05,537 INFO com.dal.mycareer.controller.LoginController [http-nio-8090-exec-4] Login request : Start
2019-08-01 21:21:05,538 INFO com.dal.mycareer.model.LoginModel [http-nio-8090-exec-4] Verify Login : START
2019-08-01 21:21:05,866 DEBUG com.dal.mycareer.model.LoginModel [http-nio-8090-exec-4] hg@yopmail.com is loggedIn as Student
2019-08-01 21:21:05,866 INFO com.dal.mycareer.model.LoginModel [http-nio-8090-exec-4] Verify Login : END
2019-08-01 21:21:05,867 INFO com.dal.mycareer.controller.LoginController [http-nio-8090-exec-4] Login request : END
2019-08-01 21:21:05,878 DEBUG com.dal.mycareer.controller.StudentJobsController [http-nio-8090-exec-5] StudentJobsController: fetchAllStudentJobs method: Entered
2019-08-01 21:21:05,879 INFO com.dal.mycareer.model.RoleModel [http-nio-8090-exec-5] Get base page : START
2019-08-01 21:21:05,879 INFO com.dal.mycareer.model.RoleModel [http-nio-8090-exec-5] Get base page : END
2019-08-01 21:21:05,879 DEBUG com.dal.mycareer.model.StudentJobsModel [http-nio-8090-exec-5] StudentModel: fetchJobs method: Entered
2019-08-01 21:21:05,881 DEBUG com.dal.mycareer.DAO.Impl.StudentDetailsDAO [http-nio-8090-exec-5] StudentDetailsDAO: getStudentDetails method: Entered
2019-08-01 21:21:06,149 DEBUG com.dal.mycareer.DAO.Impl.StudentDetailsDAO [http-nio-8090-exec-5] Details for student with session name: hg@yopmail.com and ID: 38 successfully fetched
2019-08-01 21:21:06,150 DEBUG com.dal.mycareer.DAO.Impl.StudentDetailsDAO [http-nio-8090-exec-5] StudentDetailsDAO: getStudentDetails method: Exit
2019-08-01 21:21:06,150 DEBUG com.dal.mycareer.DAO.Impl.StudentJobsDAO [http-nio-8090-exec-5] StudentJobsDAO: getAllJobList method: Entered
2019-08-01 21:21:06,431 ERROR com.dal.mycareer.DAO.Impl.StudentJobsDAO [http-nio-8090-exec-5] SQLException Occurred in StudentJobsDAO: getAllJobList method:Parameter index out of range (1 > number of parameters, which is 0).
2019-08-01 21:21:06,431 DEBUG com.dal.mycareer.DAO.Impl.StudentJobsDAO [http-nio-8090-exec-5] StudentJobsDAO: getAllJobList method: Exit
2019-08-01 21:21:06,433 DEBUG com.dal.mycareer.controller.GlobalExceptionController [http-nio-8090-exec-5] GlobalExceptionController: catchException method: Entered
2019-08-01 21:21:06,433 DEBUG com.dal.mycareer.controller.GlobalExceptionController [http-nio-8090-exec-5] Redirecting to Exception page
2019-08-01 21:22:53,292 INFO com.dal.mycareer.controller.RequestController [http-nio-8090-exec-1] Routed to Homepage
2019-08-01 21:22:53,294 INFO com.dal.mycareer.model.RoleModel [http-nio-8090-exec-1] Get base page : START
2019-08-01 21:22:53,301 INFO com.dal.mycareer.model.RoleModel [http-nio-8090-exec-1] Get base page : END
2019-08-01 21:22:56,134 INFO com.dal.mycareer.controller.LoginController [http-nio-8090-exec-2] Login request : Start
2019-08-01 21:22:56,137 INFO com.dal.mycareer.model.LoginModel [http-nio-8090-exec-2] Verify Login : START
2019-08-01 21:22:56,685 DEBUG com.dal.mycareer.model.LoginModel [http-nio-8090-exec-2] hg@yopmail.com is loggedIn as Student
2019-08-01 21:22:56,686 INFO com.dal.mycareer.model.LoginModel [http-nio-8090-exec-2] Verify Login : END
2019-08-01 21:22:56,686 INFO com.dal.mycareer.controller.LoginController [http-nio-8090-exec-2] Login request : END
2019-08-01 21:22:56,702 DEBUG com.dal.mycareer.controller.StudentJobsController [http-nio-8090-exec-3] StudentJobsController: fetchAllStudentJobs method: Entered
2019-08-01 21:22:56,702 INFO com.dal.mycareer.model.RoleModel [http-nio-8090-exec-3] Get base page : START
2019-08-01 21:22:56,703 INFO com.dal.mycareer.model.RoleModel [http-nio-8090-exec-3] Get base page : END
2019-08-01 21:22:56,703 DEBUG com.dal.mycareer.model.StudentJobsModel [http-nio-8090-exec-3] StudentModel: fetchJobs method: Entered
2019-08-01 21:22:56,704 DEBUG com.dal.mycareer.DAO.Impl.StudentDetailsDAO [http-nio-8090-exec-3] StudentDetailsDAO: getStudentDetails method: Entered
2019-08-01 21:22:57,012 DEBUG com.dal.mycareer.DAO.Impl.StudentDetailsDAO [http-nio-8090-exec-3] Details for student with session name: hg@yopmail.com and ID: 38 successfully fetched
2019-08-01 21:22:57,013 DEBUG com.dal.mycareer.DAO.Impl.StudentDetailsDAO [http-nio-8090-exec-3] StudentDetailsDAO: getStudentDetails method: Exit
2019-08-01 21:22:57,013 DEBUG com.dal.mycareer.DAO.Impl.StudentJobsDAO [http-nio-8090-exec-3] StudentJobsDAO: getAllJobList method: Entered
2019-08-01 21:29:31,723 INFO com.dal.mycareer.controller.RequestController [http-nio-8090-exec-3] Routed to Homepage
2019-08-01 21:29:31,739 INFO com.dal.mycareer.model.RoleModel [http-nio-8090-exec-3] Get base page : START
2019-08-01 21:29:31,747 INFO com.dal.mycareer.model.RoleModel [http-nio-8090-exec-3] Get base page : END
2019-08-01 21:29:36,433 INFO com.dal.mycareer.controller.LoginController [http-nio-8090-exec-1] Login request : Start
2019-08-01 21:29:36,436 INFO com.dal.mycareer.model.LoginModel [http-nio-8090-exec-1] Verify Login : START
2019-08-01 21:29:37,314 DEBUG com.dal.mycareer.model.LoginModel [http-nio-8090-exec-1] hg@yopmail.com is loggedIn as Student
2019-08-01 21:29:37,316 INFO com.dal.mycareer.model.LoginModel [http-nio-8090-exec-1] Verify Login : END
2019-08-01 21:29:37,318 INFO com.dal.mycareer.controller.LoginController [http-nio-8090-exec-1] Login request : END
2019-08-01 21:29:37,335 DEBUG com.dal.mycareer.controller.StudentJobsController [http-nio-8090-exec-4] StudentJobsController: fetchAllStudentJobs method: Entered
2019-08-01 21:29:37,335 INFO com.dal.mycareer.model.RoleModel [http-nio-8090-exec-4] Get base page : START
2019-08-01 21:29:37,335 INFO com.dal.mycareer.model.RoleModel [http-nio-8090-exec-4] Get base page : END
2019-08-01 21:29:37,336 DEBUG com.dal.mycareer.model.StudentJobsModel [http-nio-8090-exec-4] StudentModel: fetchJobs method: Entered
2019-08-01 21:29:37,337 DEBUG com.dal.mycareer.DAO.Impl.StudentDetailsDAO [http-nio-8090-exec-4] StudentDetailsDAO: getStudentDetails method: Entered
2019-08-01 21:29:37,669 DEBUG com.dal.mycareer.DAO.Impl.StudentDetailsDAO [http-nio-8090-exec-4] Details for student with session name: hg@yopmail.com and ID: 38 successfully fetched
2019-08-01 21:29:37,670 DEBUG com.dal.mycareer.DAO.Impl.StudentDetailsDAO [http-nio-8090-exec-4] StudentDetailsDAO: getStudentDetails method: Exit
2019-08-01 21:29:37,671 DEBUG com.dal.mycareer.DAO.Impl.StudentJobsDAO [http-nio-8090-exec-4] StudentJobsDAO: getAllJobList method: Entered
2019-08-01 21:32:39,794 INFO com.dal.mycareer.controller.RequestController [http-nio-8090-exec-2] Routed to Homepage
2019-08-01 21:32:39,796 INFO com.dal.mycareer.model.RoleModel [http-nio-8090-exec-2] Get base page : START
2019-08-01 21:32:39,800 INFO com.dal.mycareer.model.RoleModel [http-nio-8090-exec-2] Get base page : END
2019-08-01 21:32:44,335 INFO com.dal.mycareer.controller.LoginController [http-nio-8090-exec-3] Login request : Start
2019-08-01 21:32:44,341 INFO com.dal.mycareer.model.LoginModel [http-nio-8090-exec-3] Verify Login : START
2019-08-01 21:32:44,874 DEBUG com.dal.mycareer.model.LoginModel [http-nio-8090-exec-3] hg@yopmail.com is loggedIn as Student
2019-08-01 21:32:44,874 INFO com.dal.mycareer.model.LoginModel [http-nio-8090-exec-3] Verify Login : END
2019-08-01 21:32:44,874 INFO com.dal.mycareer.controller.LoginController [http-nio-8090-exec-3] Login request : END
2019-08-01 21:32:44,888 DEBUG com.dal.mycareer.controller.StudentJobsController [http-nio-8090-exec-1] StudentJobsController: fetchAllStudentJobs method: Entered
2019-08-01 21:32:44,888 INFO com.dal.mycareer.model.RoleModel [http-nio-8090-exec-1] Get base page : START
2019-08-01 21:32:44,889 INFO com.dal.mycareer.model.RoleModel [http-nio-8090-exec-1] Get base page : END
2019-08-01 21:32:44,889 DEBUG com.dal.mycareer.model.StudentJobsModel [http-nio-8090-exec-1] StudentModel: fetchJobs method: Entered
2019-08-01 21:32:44,891 DEBUG com.dal.mycareer.DAO.Impl.StudentDetailsDAO [http-nio-8090-exec-1] StudentDetailsDAO: getStudentDetails method: Entered
2019-08-01 21:32:45,178 DEBUG com.dal.mycareer.DAO.Impl.StudentDetailsDAO [http-nio-8090-exec-1] Details for student with session name: hg@yopmail.com and ID: 38 successfully fetched
2019-08-01 21:32:45,178 DEBUG com.dal.mycareer.DAO.Impl.StudentDetailsDAO [http-nio-8090-exec-1] StudentDetailsDAO: getStudentDetails method: Exit
2019-08-01 21:32:45,179 DEBUG com.dal.mycareer.DAO.Impl.StudentJobsDAO [http-nio-8090-exec-1] StudentJobsDAO: getAllJobList method: Entered
2019-08-01 21:33:17,108 DEBUG com.dal.mycareer.DAO.Impl.StudentJobsDAO [http-nio-8090-exec-1] Jobs fetched:
2019-08-01 21:33:27,304 DEBUG com.dal.mycareer.DAO.Impl.StudentJobsDAO [http-nio-8090-exec-1] ID: 179
2019-08-01 21:33:34,723 DEBUG com.dal.mycareer.DAO.Impl.StudentJobsDAO [http-nio-8090-exec-1] ID: 180
